-------------------------------------------------------------------------------
Test set: com.creditcloud.jpa.unit_test.TestClassLoader
-------------------------------------------------------------------------------
Tests run: 1, Failures: 0, Errors: 1, Skipped: 0, Time elapsed: 0.006 sec <<< FAILURE! - in com.creditcloud.jpa.unit_test.TestClassLoader
testSystemProperty(com.creditcloud.jpa.unit_test.TestClassLoader)  Time elapsed: 0.005 sec  <<< ERROR!
java.lang.IllegalMonitorStateException: null
	at java.lang.Object.wait(Native Method)
	at java.lang.Object.wait(Object.java:502)
	at com.creditcloud.jpa.unit_test.TestClassLoader.testSystemProperty(TestClassLoader.java:59)

