<?xml version="1.0" encoding="UTF-8"?>
<testsuite name="com.creditcloud.jpa.unit_test.LoanTest" time="9.134" tests="3" errors="1" skipped="0" failures="0">
  <properties>
[...]
</properties>
  <testcase name="testPtuiCheckVK" classname="com.creditcloud.jpa.unit_test.LoanTest" time="9.127">
    <error message="Error communicating with the remote browser. It may have died.&#10;Build info: version: &apos;2.53.1&apos;, revision: &apos;a36b8b1cd5757287168e54b817830adce9b0158d&apos;, time: &apos;2016-06-30 19:26:09&apos;&#10;System info: host: &apos;DESKTOP-9EQJ4QP&apos;, ip: &apos;169.254.159.104&apos;, os.name: &apos;Windows 10&apos;, os.arch: &apos;amd64&apos;, os.version: &apos;10.0&apos;, java.version: &apos;1.8.0_131&apos;&#10;Driver info: driver.version: RemoteWebDriver&#10;Capabilities [{applicationCacheEnabled=true, rotatable=false, handlesAlerts=true, databaseEnabled=true, version=46.0, platform=WINDOWS, nativeEvents=false, acceptSslCerts=true, webStorageEnabled=true, locationContextEnabled=true, browserName=firefox, takesScreenshot=true, javascriptEnabled=true, cssSelectorsEnabled=true}]&#10;Session ID: 08b5f82d-8b77-405d-b2a3-a8694555d10d" type="org.openqa.selenium.remote.UnreachableBrowserException">org.openqa.selenium.remote.UnreachableBrowserException: Error communicating with the remote browser. It may have died.
Build info: version: '2.53.1', revision: 'a36b8b1cd5757287168e54b817830adce9b0158d', time: '2016-06-30 19:26:09'
System info: host: 'DESKTOP-9EQJ4QP', ip: '169.254.159.104', os.name: 'Windows 10', os.arch: 'amd64', os.version: '10.0', java.version: '1.8.0_131'
Driver info: driver.version: RemoteWebDriver
Capabilities [{applicationCacheEnabled=true, rotatable=false, handlesAlerts=true, databaseEnabled=true, version=46.0, platform=WINDOWS, nativeEvents=false, acceptSslCerts=true, webStorageEnabled=true, locationContextEnabled=true, browserName=firefox, takesScreenshot=true, javascriptEnabled=true, cssSelectorsEnabled=true}]
Session ID: 08b5f82d-8b77-405d-b2a3-a8694555d10d
	at java.net.DualStackPlainSocketImpl.waitForConnect(Native Method)
	at java.net.DualStackPlainSocketImpl.socketConnect(DualStackPlainSocketImpl.java:85)
	at java.net.AbstractPlainSocketImpl.doConnect(AbstractPlainSocketImpl.java:350)
	at java.net.AbstractPlainSocketImpl.connectToAddress(AbstractPlainSocketImpl.java:206)
	at java.net.AbstractPlainSocketImpl.connect(AbstractPlainSocketImpl.java:188)
	at java.net.PlainSocketImpl.connect(PlainSocketImpl.java:172)
	at java.net.SocksSocketImpl.connect(SocksSocketImpl.java:392)
	at java.net.Socket.connect(Socket.java:589)
	at org.apache.http.conn.socket.PlainConnectionSocketFactory.connectSocket(PlainConnectionSocketFactory.java:75)
	at org.apache.http.impl.conn.DefaultHttpClientConnectionOperator.connect(DefaultHttpClientConnectionOperator.java:142)
	at org.apache.http.impl.conn.PoolingHttpClientConnectionManager.connect(PoolingHttpClientConnectionManager.java:373)
	at org.apache.http.impl.execchain.MainClientExec.establishRoute(MainClientExec.java:381)
	at org.apache.http.impl.execchain.MainClientExec.execute(MainClientExec.java:237)
	at org.apache.http.impl.execchain.ProtocolExec.execute(ProtocolExec.java:185)
	at org.apache.http.impl.execchain.RetryExec.execute(RetryExec.java:89)
	at org.apache.http.impl.execchain.RedirectExec.execute(RedirectExec.java:111)
	at org.apache.http.impl.client.InternalHttpClient.doExecute(InternalHttpClient.java:185)
	at org.apache.http.impl.client.CloseableHttpClient.execute(CloseableHttpClient.java:72)
	at org.apache.http.impl.client.CloseableHttpClient.execute(CloseableHttpClient.java:56)
	at org.openqa.selenium.remote.internal.ApacheHttpClient.fallBackExecute(ApacheHttpClient.java:162)
	at org.openqa.selenium.remote.internal.ApacheHttpClient.execute(ApacheHttpClient.java:90)
	at org.openqa.selenium.remote.HttpCommandExecutor.execute(HttpCommandExecutor.java:142)
	at org.openqa.selenium.firefox.internal.NewProfileExtensionConnection.execute(NewProfileExtensionConnection.java:160)
	at org.openqa.selenium.firefox.FirefoxDriver$LazyCommandExecutor.execute(FirefoxDriver.java:380)
	at org.openqa.selenium.remote.RemoteWebDriver.execute(RemoteWebDriver.java:644)
	at org.openqa.selenium.remote.RemoteWebDriver.get(RemoteWebDriver.java:316)
	at com.creditcloud.jpa.unit_test.utils.LoginUtil.getEntryptPassword(LoginUtil.java:59)
	at com.creditcloud.jpa.unit_test.service.impl.LoginServiceImpl.tryLogin(LoginServiceImpl.java:90)
	at com.creditcloud.jpa.unit_test.LoanTest.testPtuiCheckVK(LoanTest.java:31)
</error>
    <system-out><![CDATA[21:04:05.550 [main] DEBUG org.springframework.test.context.junit4.SpringJUnit4ClassRunner - SpringJUnit4ClassRunner constructor called with [class com.creditcloud.jpa.unit_test.LoanTest]
21:04:05.564 [main] DEBUG org.springframework.test.context.BootstrapUtils - Instantiating CacheAwareContextLoaderDelegate from class [org.springframework.test.context.cache.DefaultCacheAwareContextLoaderDelegate]
21:04:05.601 [main] DEBUG org.springframework.test.context.BootstrapUtils - Instantiating BootstrapContext using constructor [public org.springframework.test.context.support.DefaultBootstrapContext(java.lang.Class,org.springframework.test.context.CacheAwareContextLoaderDelegate)]
21:04:05.617 [main] DEBUG org.springframework.test.context.BootstrapUtils - Instantiating TestContextBootstrapper for test class [com.creditcloud.jpa.unit_test.LoanTest] from class [org.springframework.boot.test.context.SpringBootTestContextBootstrapper]
21:04:05.656 [main] INFO org.springframework.boot.test.context.SpringBootTestContextBootstrapper - Neither @ContextConfiguration nor @ContextHierarchy found for test class [com.creditcloud.jpa.unit_test.LoanTest], using SpringBootContextLoader
21:04:05.660 [main] DEBUG org.springframework.test.context.support.AbstractContextLoader - Did not detect default resource location for test class [com.creditcloud.jpa.unit_test.LoanTest]: class path resource [com/creditcloud/jpa/unit_test/LoanTest-context.xml] does not exist
21:04:05.660 [main] DEBUG org.springframework.test.context.support.AbstractContextLoader - Did not detect default resource location for test class [com.creditcloud.jpa.unit_test.LoanTest]: class path resource [com/creditcloud/jpa/unit_test/LoanTestContext.groovy] does not exist
21:04:05.661 [main] INFO org.springframework.test.context.support.AbstractContextLoader - Could not detect default resource locations for test class [com.creditcloud.jpa.unit_test.LoanTest]: no resource found for suffixes {-context.xml, Context.groovy}.
21:04:05.663 [main] INFO org.springframework.test.context.support.AnnotationConfigContextLoaderUtils - Could not detect default configuration classes for test class [com.creditcloud.jpa.unit_test.LoanTest]: LoanTest does not declare any static, non-private, non-final, nested classes annotated with @Configuration.
21:04:05.749 [main] DEBUG org.springframework.test.context.support.ActiveProfilesUtils - Could not find an 'annotation declaring class' for annotation type [org.springframework.test.context.ActiveProfiles] and class [com.creditcloud.jpa.unit_test.LoanTest]
21:04:05.759 [main] DEBUG org.springframework.core.env.StandardEnvironment - Adding PropertySource 'systemProperties' with lowest search precedence
21:04:05.759 [main] DEBUG org.springframework.core.env.StandardEnvironment - Adding PropertySource 'systemEnvironment' with lowest search precedence
21:04:05.760 [main] DEBUG org.springframework.core.env.StandardEnvironment - Initialized StandardEnvironment with PropertySources [MapPropertySource@1858609436 {name='systemProperties', properties={java.runtime.name=Java(TM) SE Runtime Environment, sun.boot.library.path=C:\Program Files\Java\jdk1.8.0_131\jre\bin, java.vm.version=25.131-b11, java.vm.vendor=Oracle Corporation, java.vendor.url=http://java.oracle.com/, path.separator=;, java.vm.name=Java HotSpot(TM) 64-Bit Server VM, file.encoding.pkg=sun.io, user.country=CN, user.script=, sun.java.launcher=SUN_STANDARD, sun.os.patch.level=, java.vm.specification.name=Java Virtual Machine Specification, user.dir=F:\github\unit_test, java.runtime.version=1.8.0_131-b11, basedir=F:\github\unit_test, java.awt.graphicsenv=sun.awt.Win32GraphicsEnvironment, java.endorsed.dirs=C:\Program Files\Java\jdk1.8.0_131\jre\lib\endorsed, os.arch=amd64, surefire.real.class.path=F:\github\unit_test\target\surefire\surefirebooter5781556419211982734.jar, java.io.tmpdir=C:\Users\MRB\AppData\Local\Temp\, line.separator=
, java.vm.specification.vendor=Oracle Corporation, user.variant=, os.name=Windows 10, sun.jnu.encoding=GBK, java.library.path=C:\Program Files\Java\jdk1.8.0_131\jre\bin;C:\WINDOWS\Sun\Java\bin;C:\WINDOWS\system32;C:\WINDOWS;C:/Program Files/Java/jre1.8.0_131/bin/server;C:/Program Files/Java/jre1.8.0_131/bin;C:/Program Files/Java/jre1.8.0_131/lib/amd64;C:\ProgramData\Oracle\Java\javapath;C:\Program Files\Java\jdk1.8.0_131/bin;E:\apache-maven-3.5.0/bin;C:\Program Files (x86)\Intel\iCLS Client\;C:\Program Files\Intel\iCLS Client\;C:\Windows\system32;C:\Windows;C:\Windows\System32\Wbem;C:\Windows\System32\WindowsPowerShell\v1.0\;C:\Program Files (x86)\NVIDIA Corporation\PhysX\Common;C:\Program Files (x86)\Intel\Intel(R) Management Engine Components\DAL;C:\Program Files\Intel\Intel(R) Management Engine Components\DAL;C:\Program Files (x86)\Intel\Intel(R) Management Engine Components\IPT;C:\Program Files\Intel\Intel(R) Management Engine Components\IPT;C:\Program Files\TortoiseSVN\bin;C:\WINDOWS\system32;C:\WINDOWS;C:\WINDOWS\System32\Wbem;C:\WINDOWS\System32\WindowsPowerShell\v1.0\;E:\zookeeper\zookeeper-3.4.11\bin;E:\zookeeper\zookeeper-3.4.11\conf;E:\apache-tomcat-7.0.79\bin;E:\apache-tomcat-7.0.79\lib;E:\glassfish4\glassfish\bin;E:\glassfish4\glassfish\lib;C:\Program Files\nodejs\;C:\Program Files\MySQL\MySQL Utilities 1.6\;C:\Program Files\Git\cmd;C:\Program Files\erl9.3\bin;C:\WINDOWS\System32\OpenSSH\;G:\softface\rabbitMQ\rabbitmq_server-3.7.5\sbin;C:\Program Files\MySQL\MySQL Server 5.7\bin;E:\hadoop-2.7.6\bin;C:\Users\MRB\AppData\Local\Microsoft\WindowsApps;C:\Users\MRB\AppData\Roaming\npm;%USERPROFILE%\AppData\Local\Microsoft\WindowsApps;;E:\eclipse;;., surefire.test.class.path=F:\github\unit_test\target\test-classes;F:\github\unit_test\target\classes;E:\repository\org\springframework\boot\spring-boot-starter-data-jpa\1.5.9.RELEASE\spring-boot-starter-data-jpa-1.5.9.RELEASE.jar;E:\repository\org\springframework\boot\spring-boot-starter\1.5.9.RELEASE\spring-boot-starter-1.5.9.RELEASE.jar;E:\repository\org\springframework\boot\spring-boot\1.5.9.RELEASE\spring-boot-1.5.9.RELEASE.jar;E:\repository\org\springframework\boot\spring-boot-autoconfigure\1.5.9.RELEASE\spring-boot-autoconfigure-1.5.9.RELEASE.jar;E:\repository\org\springframework\boot\spring-boot-starter-logging\1.5.9.RELEASE\spring-boot-starter-logging-1.5.9.RELEASE.jar;E:\repository\ch\qos\logback\logback-classic\1.1.11\logback-classic-1.1.11.jar;E:\repository\ch\qos\logback\logback-core\1.1.11\logback-core-1.1.11.jar;E:\repository\org\slf4j\jul-to-slf4j\1.7.25\jul-to-slf4j-1.7.25.jar;E:\repository\org\slf4j\log4j-over-slf4j\1.7.25\log4j-over-slf4j-1.7.25.jar;E:\repository\org\yaml\snakeyaml\1.17\snakeyaml-1.17.jar;E:\repository\org\springframework\boot\spring-boot-starter-aop\1.5.9.RELEASE\spring-boot-starter-aop-1.5.9.RELEASE.jar;E:\repository\org\aspectj\aspectjweaver\1.8.13\aspectjweaver-1.8.13.jar;E:\repository\org\springframework\boot\spring-boot-starter-jdbc\1.5.9.RELEASE\spring-boot-starter-jdbc-1.5.9.RELEASE.jar;E:\repository\org\apache\tomcat\tomcat-jdbc\8.5.23\tomcat-jdbc-8.5.23.jar;E:\repository\org\apache\tomcat\tomcat-juli\8.5.23\tomcat-juli-8.5.23.jar;E:\repository\org\springframework\spring-jdbc\4.3.13.RELEASE\spring-jdbc-4.3.13.RELEASE.jar;E:\repository\org\hibernate\hibernate-core\5.0.12.Final\hibernate-core-5.0.12.Final.jar;E:\repository\org\jboss\logging\jboss-logging\3.3.1.Final\jboss-logging-3.3.1.Final.jar;E:\repository\org\hibernate\javax\persistence\hibernate-jpa-2.1-api\1.0.0.Final\hibernate-jpa-2.1-api-1.0.0.Final.jar;E:\repository\org\javassist\javassist\3.21.0-GA\javassist-3.21.0-GA.jar;E:\repository\antlr\antlr\2.7.7\antlr-2.7.7.jar;E:\repository\org\jboss\jandex\2.0.0.Final\jandex-2.0.0.Final.jar;E:\repository\dom4j\dom4j\1.6.1\dom4j-1.6.1.jar;E:\repository\org\hibernate\common\hibernate-commons-annotations\5.0.1.Final\hibernate-commons-annotations-5.0.1.Final.jar;E:\repository\org\hibernate\hibernate-entitymanager\5.0.12.Final\hibernate-entitymanager-5.0.12.Final.jar;E:\repository\javax\transaction\javax.transaction-api\1.2\javax.transaction-api-1.2.jar;E:\repository\org\springframework\data\spring-data-jpa\1.11.9.RELEASE\spring-data-jpa-1.11.9.RELEASE.jar;E:\repository\org\springframework\data\spring-data-commons\1.13.9.RELEASE\spring-data-commons-1.13.9.RELEASE.jar;E:\repository\org\springframework\spring-orm\4.3.13.RELEASE\spring-orm-4.3.13.RELEASE.jar;E:\repository\org\springframework\spring-context\4.3.13.RELEASE\spring-context-4.3.13.RELEASE.jar;E:\repository\org\springframework\spring-tx\4.3.13.RELEASE\spring-tx-4.3.13.RELEASE.jar;E:\repository\org\slf4j\slf4j-api\1.7.25\slf4j-api-1.7.25.jar;E:\repository\org\slf4j\jcl-over-slf4j\1.7.25\jcl-over-slf4j-1.7.25.jar;E:\repository\org\springframework\spring-aspects\4.3.13.RELEASE\spring-aspects-4.3.13.RELEASE.jar;E:\repository\org\springframework\boot\spring-boot-starter-web\1.5.9.RELEASE\spring-boot-starter-web-1.5.9.RELEASE.jar;E:\repository\org\springframework\boot\spring-boot-starter-tomcat\1.5.9.RELEASE\spring-boot-starter-tomcat-1.5.9.RELEASE.jar;E:\repository\org\apache\tomcat\embed\tomcat-embed-core\8.5.23\tomcat-embed-core-8.5.23.jar;E:\repository\org\apache\tomcat\tomcat-annotations-api\8.5.23\tomcat-annotations-api-8.5.23.jar;E:\repository\org\apache\tomcat\embed\tomcat-embed-el\8.5.23\tomcat-embed-el-8.5.23.jar;E:\repository\org\apache\tomcat\embed\tomcat-embed-websocket\8.5.23\tomcat-embed-websocket-8.5.23.jar;E:\repository\org\hibernate\hibernate-validator\5.3.6.Final\hibernate-validator-5.3.6.Final.jar;E:\repository\javax\validation\validation-api\1.1.0.Final\validation-api-1.1.0.Final.jar;E:\repository\com\fasterxml\classmate\1.3.4\classmate-1.3.4.jar;E:\repository\com\fasterxml\jackson\core\jackson-databind\2.8.10\jackson-databind-2.8.10.jar;E:\repository\com\fasterxml\jackson\core\jackson-annotations\2.8.0\jackson-annotations-2.8.0.jar;E:\repository\com\fasterxml\jackson\core\jackson-core\2.8.10\jackson-core-2.8.10.jar;E:\repository\org\springframework\spring-web\4.3.13.RELEASE\spring-web-4.3.13.RELEASE.jar;E:\repository\org\springframework\spring-webmvc\4.3.13.RELEASE\spring-webmvc-4.3.13.RELEASE.jar;E:\repository\org\springframework\spring-expression\4.3.13.RELEASE\spring-expression-4.3.13.RELEASE.jar;E:\repository\mysql\mysql-connector-java\5.1.44\mysql-connector-java-5.1.44.jar;E:\repository\org\springframework\boot\spring-boot-starter-test\1.5.9.RELEASE\spring-boot-starter-test-1.5.9.RELEASE.jar;E:\repository\org\springframework\boot\spring-boot-test\1.5.9.RELEASE\spring-boot-test-1.5.9.RELEASE.jar;E:\repository\org\springframework\boot\spring-boot-test-autoconfigure\1.5.9.RELEASE\spring-boot-test-autoconfigure-1.5.9.RELEASE.jar;E:\repository\com\jayway\jsonpath\json-path\2.2.0\json-path-2.2.0.jar;E:\repository\net\minidev\json-smart\2.2.1\json-smart-2.2.1.jar;E:\repository\org\assertj\assertj-core\2.6.0\assertj-core-2.6.0.jar;E:\repository\org\mockito\mockito-core\1.10.19\mockito-core-1.10.19.jar;E:\repository\org\objenesis\objenesis\2.1\objenesis-2.1.jar;E:\repository\org\hamcrest\hamcrest-core\1.3\hamcrest-core-1.3.jar;E:\repository\org\hamcrest\hamcrest-library\1.3\hamcrest-library-1.3.jar;E:\repository\org\skyscreamer\jsonassert\1.4.0\jsonassert-1.4.0.jar;E:\repository\com\vaadin\external\google\android-json\0.0.20131108.vaadin1\android-json-0.0.20131108.vaadin1.jar;E:\repository\org\springframework\spring-core\4.3.13.RELEASE\spring-core-4.3.13.RELEASE.jar;E:\repository\org\springframework\spring-test\4.3.13.RELEASE\spring-test-4.3.13.RELEASE.jar;E:\repository\org\springframework\ws\spring-ws-core\2.4.2.RELEASE\spring-ws-core-2.4.2.RELEASE.jar;E:\repository\org\springframework\ws\spring-xml\2.4.2.RELEASE\spring-xml-2.4.2.RELEASE.jar;E:\repository\org\springframework\spring-aop\4.3.13.RELEASE\spring-aop-4.3.13.RELEASE.jar;E:\repository\org\springframework\spring-beans\4.3.13.RELEASE\spring-beans-4.3.13.RELEASE.jar;E:\repository\org\springframework\spring-oxm\4.3.13.RELEASE\spring-oxm-4.3.13.RELEASE.jar;E:\repository\com\google\zxing\javase\3.2.0\javase-3.2.0.jar;E:\repository\com\google\zxing\core\3.2.0\core-3.2.0.jar;E:\repository\commons-codec\commons-codec\1.10\commons-codec-1.10.jar;E:\repository\org\apache\commons\commons-lang3\3.7\commons-lang3-3.7.jar;E:\repository\com\squareup\okhttp3\okhttp\3.10.0\okhttp-3.10.0.jar;E:\repository\com\squareup\okio\okio\1.14.0\okio-1.14.0.jar;E:\repository\org\projectlombok\lombok\1.16.18\lombok-1.16.18.jar;E:\repository\net\sourceforge\htmlunit\htmlunit\2.30\htmlunit-2.30.jar;E:\repository\xalan\xalan\2.7.2\xalan-2.7.2.jar;E:\repository\xalan\serializer\2.7.2\serializer-2.7.2.jar;E:\repository\org\apache\commons\commons-text\1.3\commons-text-1.3.jar;E:\repository\org\apache\httpcomponents\httpmime\4.5.3\httpmime-4.5.3.jar;E:\repository\net\sourceforge\htmlunit\htmlunit-core-js\2.28\htmlunit-core-js-2.28.jar;E:\repository\net\sourceforge\htmlunit\neko-htmlunit\2.30\neko-htmlunit-2.30.jar;E:\repository\xerces\xercesImpl\2.11.0\xercesImpl-2.11.0.jar;E:\repository\xml-apis\xml-apis\1.4.01\xml-apis-1.4.01.jar;E:\repository\net\sourceforge\htmlunit\htmlunit-cssparser\1.0.0\htmlunit-cssparser-1.0.0.jar;E:\repository\commons-io\commons-io\2.6\commons-io-2.6.jar;E:\repository\commons-net\commons-net\3.6\commons-net-3.6.jar;E:\repository\org\eclipse\jetty\websocket\websocket-client\9.4.7.v20170914\websocket-client-9.4.7.v20170914.jar;E:\repository\org\eclipse\jetty\jetty-client\9.4.7.v20170914\jetty-client-9.4.7.v20170914.jar;E:\repository\org\eclipse\jetty\jetty-http\9.4.7.v20170914\jetty-http-9.4.7.v20170914.jar;E:\repository\org\eclipse\jetty\jetty-xml\9.4.7.v20170914\jetty-xml-9.4.7.v20170914.jar;E:\repository\org\eclipse\jetty\jetty-util\9.4.7.v20170914\jetty-util-9.4.7.v20170914.jar;E:\repository\org\eclipse\jetty\jetty-io\9.4.7.v20170914\jetty-io-9.4.7.v20170914.jar;E:\repository\org\eclipse\jetty\websocket\websocket-common\9.4.7.v20170914\websocket-common-9.4.7.v20170914.jar;E:\repository\org\eclipse\jetty\websocket\websocket-api\9.4.7.v20170914\websocket-api-9.4.7.v20170914.jar;E:\repository\org\apache\httpcomponents\httpclient\4.5.5\httpclient-4.5.5.jar;E:\repository\org\apache\httpcomponents\httpcore\4.4.8\httpcore-4.4.8.jar;E:\repository\org\springframework\boot\spring-boot-starter-freemarker\1.5.9.RELEASE\spring-boot-starter-freemarker-1.5.9.RELEASE.jar;E:\repository\org\freemarker\freemarker\2.3.27-incubating\freemarker-2.3.27-incubating.jar;E:\repository\org\springframework\spring-context-support\4.3.13.RELEASE\spring-context-support-4.3.13.RELEASE.jar;E:\repository\org\seleniumhq\selenium\selenium-firefox-driver\2.53.1\selenium-firefox-driver-2.53.1.jar;E:\repository\org\seleniumhq\selenium\selenium-remote-driver\2.53.1\selenium-remote-driver-2.53.1.jar;E:\repository\cglib\cglib-nodep\2.1_3\cglib-nodep-2.1_3.jar;E:\repository\org\seleniumhq\selenium\selenium-api\2.53.1\selenium-api-2.53.1.jar;E:\repository\com\google\guava\guava\19.0\guava-19.0.jar;E:\repository\net\java\dev\jna\jna\4.2.2\jna-4.2.2.jar;E:\repository\net\java\dev\jna\jna-platform\4.2.2\jna-platform-4.2.2.jar;E:\repository\org\apache\commons\commons-exec\1.3\commons-exec-1.3.jar;E:\repository\junit\junit\4.12\junit-4.12.jar;E:\repository\org\ow2\asm\asm\6.2\asm-6.2.jar;E:\repository\io\netty\netty-transport\4.1.24.Final\netty-transport-4.1.24.Final.jar;E:\repository\io\netty\netty-buffer\4.1.24.Final\netty-buffer-4.1.24.Final.jar;E:\repository\io\netty\netty-common\4.1.24.Final\netty-common-4.1.24.Final.jar;E:\repository\io\netty\netty-resolver\4.1.24.Final\netty-resolver-4.1.24.Final.jar;E:\repository\io\netty\netty-all\4.1.24.Final\netty-all-4.1.24.Final.jar;E:\repository\io\netty\netty-codec-http\4.1.24.Final\netty-codec-http-4.1.24.Final.jar;E:\repository\io\netty\netty-codec\4.1.24.Final\netty-codec-4.1.24.Final.jar;E:\repository\com\creditcloud\common\Common\1.0-SNAPSHOT\Common-1.0-SNAPSHOT.jar;E:\repository\com\creditcloud\logging\Logging\1.0.0\Logging-1.0.0.jar;E:\repository\log4j\log4j\1.2.17\log4j-1.2.17.jar;E:\repository\org\slf4j\slf4j-log4j12\1.7.25\slf4j-log4j12-1.7.25.jar;E:\repository\nl\captcha\SimpleCaptcha\1.3.0\SimpleCaptcha-1.3.0.jar;E:\repository\com\jhlabs\filters\1.0\filters-1.0.jar;E:\repository\com\google\code\gson\gson\2.8.2\gson-2.8.2.jar;E:\repository\commons-beanutils\commons-beanutils\1.9.3\commons-beanutils-1.9.3.jar;E:\repository\commons-collections\commons-collections\3.2.2\commons-collections-3.2.2.jar;E:\repository\com\itextpdf\itextpdf\5.4.4\itextpdf-5.4.4.jar;E:\repository\com\itextpdf\itext-asian\5.2.0\itext-asian-5.2.0.jar;E:\repository\com\creditcloud\model\Model\1.0-SNAPSHOT\Model-1.0-SNAPSHOT.jar;E:\repository\joda-time\joda-time\2.9.9\joda-time-2.9.9.jar;E:\repository\javax\javaee-api\7.0\javaee-api-7.0.jar;E:\repository\com\efushui\certificate-authority-model\0.0.1-SNAPSHOT\certificate-authority-model-0.0.1-SNAPSHOT.jar;E:\repository\com\efushui\file-store\1.0-SNAPSHOT\file-store-1.0-SNAPSHOT.jar;E:\repository\com\efushui\microservice\microservice-common\1.0-SNAPSHOT\microservice-common-1.0-SNAPSHOT.jar;E:\repository\com\squareup\retrofit2\converter-gson\2.4.0\converter-gson-2.4.0.jar;E:\repository\com\squareup\retrofit2\retrofit\2.4.0\retrofit-2.4.0.jar;E:\repository\com\squareup\okhttp3\logging-interceptor\3.10.0\logging-interceptor-3.10.0.jar;E:\repository\com\efushui\microservice\microservice-model\1.0-SNAPSHOT\microservice-model-1.0-SNAPSHOT.jar;E:\repository\cglib\cglib\3.2.6\cglib-3.2.6.jar;E:\repository\org\apache\ant\ant\1.9.6\ant-1.9.6.jar;E:\repository\org\apache\ant\ant-launcher\1.9.6\ant-launcher-1.9.6.jar;E:\repository\commons-lang\commons-lang\2.6\commons-lang-2.6.jar;E:\repository\net\minidev\asm\1.0.2\asm-1.0.2.jar;E:\repository\asm\asm\3.3.1\asm-3.3.1.jar;E:\repository\concurrent\concurrent\1.3.4\concurrent-1.3.4.jar;E:\repository\com\alibaba\rocketmq\rocketmq-client\3.2.6\rocketmq-client-3.2.6.jar;E:\repository\com\alibaba\rocketmq\rocketmq-common\3.2.6\rocketmq-common-3.2.6.jar;E:\repository\com\alibaba\rocketmq\rocketmq-remoting\3.2.6\rocketmq-remoting-3.2.6.jar;E:\repository\com\alibaba\fastjson\1.2.3\fastjson-1.2.3.jar;E:\repository\redis\clients\jedis\2.9.0\jedis-2.9.0.jar;E:\repository\org\apache\commons\commons-pool2\2.4.3\commons-pool2-2.4.3.jar;, java.specification.name=Java Platform API Specification, java.class.version=52.0, sun.management.compiler=HotSpot 64-Bit Tiered Compilers, os.version=10.0, user.home=C:\Users\MRB, user.timezone=Asia/Shanghai, java.awt.printerjob=sun.awt.windows.WPrinterJob, file.encoding=GBK, java.specification.version=1.8, java.class.path=F:\github\unit_test\target\test-classes;F:\github\unit_test\target\classes;E:\repository\org\springframework\boot\spring-boot-starter-data-jpa\1.5.9.RELEASE\spring-boot-starter-data-jpa-1.5.9.RELEASE.jar;E:\repository\org\springframework\boot\spring-boot-starter\1.5.9.RELEASE\spring-boot-starter-1.5.9.RELEASE.jar;E:\repository\org\springframework\boot\spring-boot\1.5.9.RELEASE\spring-boot-1.5.9.RELEASE.jar;E:\repository\org\springframework\boot\spring-boot-autoconfigure\1.5.9.RELEASE\spring-boot-autoconfigure-1.5.9.RELEASE.jar;E:\repository\org\springframework\boot\spring-boot-starter-logging\1.5.9.RELEASE\spring-boot-starter-logging-1.5.9.RELEASE.jar;E:\repository\ch\qos\logback\logback-classic\1.1.11\logback-classic-1.1.11.jar;E:\repository\ch\qos\logback\logback-core\1.1.11\logback-core-1.1.11.jar;E:\repository\org\slf4j\jul-to-slf4j\1.7.25\jul-to-slf4j-1.7.25.jar;E:\repository\org\slf4j\log4j-over-slf4j\1.7.25\log4j-over-slf4j-1.7.25.jar;E:\repository\org\yaml\snakeyaml\1.17\snakeyaml-1.17.jar;E:\repository\org\springframework\boot\spring-boot-starter-aop\1.5.9.RELEASE\spring-boot-starter-aop-1.5.9.RELEASE.jar;E:\repository\org\aspectj\aspectjweaver\1.8.13\aspectjweaver-1.8.13.jar;E:\repository\org\springframework\boot\spring-boot-starter-jdbc\1.5.9.RELEASE\spring-boot-starter-jdbc-1.5.9.RELEASE.jar;E:\repository\org\apache\tomcat\tomcat-jdbc\8.5.23\tomcat-jdbc-8.5.23.jar;E:\repository\org\apache\tomcat\tomcat-juli\8.5.23\tomcat-juli-8.5.23.jar;E:\repository\org\springframework\spring-jdbc\4.3.13.RELEASE\spring-jdbc-4.3.13.RELEASE.jar;E:\repository\org\hibernate\hibernate-core\5.0.12.Final\hibernate-core-5.0.12.Final.jar;E:\repository\org\jboss\logging\jboss-logging\3.3.1.Final\jboss-logging-3.3.1.Final.jar;E:\repository\org\hibernate\javax\persistence\hibernate-jpa-2.1-api\1.0.0.Final\hibernate-jpa-2.1-api-1.0.0.Final.jar;E:\repository\org\javassist\javassist\3.21.0-GA\javassist-3.21.0-GA.jar;E:\repository\antlr\antlr\2.7.7\antlr-2.7.7.jar;E:\repository\org\jboss\jandex\2.0.0.Final\jandex-2.0.0.Final.jar;E:\repository\dom4j\dom4j\1.6.1\dom4j-1.6.1.jar;E:\repository\org\hibernate\common\hibernate-commons-annotations\5.0.1.Final\hibernate-commons-annotations-5.0.1.Final.jar;E:\repository\org\hibernate\hibernate-entitymanager\5.0.12.Final\hibernate-entitymanager-5.0.12.Final.jar;E:\repository\javax\transaction\javax.transaction-api\1.2\javax.transaction-api-1.2.jar;E:\repository\org\springframework\data\spring-data-jpa\1.11.9.RELEASE\spring-data-jpa-1.11.9.RELEASE.jar;E:\repository\org\springframework\data\spring-data-commons\1.13.9.RELEASE\spring-data-commons-1.13.9.RELEASE.jar;E:\repository\org\springframework\spring-orm\4.3.13.RELEASE\spring-orm-4.3.13.RELEASE.jar;E:\repository\org\springframework\spring-context\4.3.13.RELEASE\spring-context-4.3.13.RELEASE.jar;E:\repository\org\springframework\spring-tx\4.3.13.RELEASE\spring-tx-4.3.13.RELEASE.jar;E:\repository\org\slf4j\slf4j-api\1.7.25\slf4j-api-1.7.25.jar;E:\repository\org\slf4j\jcl-over-slf4j\1.7.25\jcl-over-slf4j-1.7.25.jar;E:\repository\org\springframework\spring-aspects\4.3.13.RELEASE\spring-aspects-4.3.13.RELEASE.jar;E:\repository\org\springframework\boot\spring-boot-starter-web\1.5.9.RELEASE\spring-boot-starter-web-1.5.9.RELEASE.jar;E:\repository\org\springframework\boot\spring-boot-starter-tomcat\1.5.9.RELEASE\spring-boot-starter-tomcat-1.5.9.RELEASE.jar;E:\repository\org\apache\tomcat\embed\tomcat-embed-core\8.5.23\tomcat-embed-core-8.5.23.jar;E:\repository\org\apache\tomcat\tomcat-annotations-api\8.5.23\tomcat-annotations-api-8.5.23.jar;E:\repository\org\apache\tomcat\embed\tomcat-embed-el\8.5.23\tomcat-embed-el-8.5.23.jar;E:\repository\org\apache\tomcat\embed\tomcat-embed-websocket\8.5.23\tomcat-embed-websocket-8.5.23.jar;E:\repository\org\hibernate\hibernate-validator\5.3.6.Final\hibernate-validator-5.3.6.Final.jar;E:\repository\javax\validation\validation-api\1.1.0.Final\validation-api-1.1.0.Final.jar;E:\repository\com\fasterxml\classmate\1.3.4\classmate-1.3.4.jar;E:\repository\com\fasterxml\jackson\core\jackson-databind\2.8.10\jackson-databind-2.8.10.jar;E:\repository\com\fasterxml\jackson\core\jackson-annotations\2.8.0\jackson-annotations-2.8.0.jar;E:\repository\com\fasterxml\jackson\core\jackson-core\2.8.10\jackson-core-2.8.10.jar;E:\repository\org\springframework\spring-web\4.3.13.RELEASE\spring-web-4.3.13.RELEASE.jar;E:\repository\org\springframework\spring-webmvc\4.3.13.RELEASE\spring-webmvc-4.3.13.RELEASE.jar;E:\repository\org\springframework\spring-expression\4.3.13.RELEASE\spring-expression-4.3.13.RELEASE.jar;E:\repository\mysql\mysql-connector-java\5.1.44\mysql-connector-java-5.1.44.jar;E:\repository\org\springframework\boot\spring-boot-starter-test\1.5.9.RELEASE\spring-boot-starter-test-1.5.9.RELEASE.jar;E:\repository\org\springframework\boot\spring-boot-test\1.5.9.RELEASE\spring-boot-test-1.5.9.RELEASE.jar;E:\repository\org\springframework\boot\spring-boot-test-autoconfigure\1.5.9.RELEASE\spring-boot-test-autoconfigure-1.5.9.RELEASE.jar;E:\repository\com\jayway\jsonpath\json-path\2.2.0\json-path-2.2.0.jar;E:\repository\net\minidev\json-smart\2.2.1\json-smart-2.2.1.jar;E:\repository\org\assertj\assertj-core\2.6.0\assertj-core-2.6.0.jar;E:\repository\org\mockito\mockito-core\1.10.19\mockito-core-1.10.19.jar;E:\repository\org\objenesis\objenesis\2.1\objenesis-2.1.jar;E:\repository\org\hamcrest\hamcrest-core\1.3\hamcrest-core-1.3.jar;E:\repository\org\hamcrest\hamcrest-library\1.3\hamcrest-library-1.3.jar;E:\repository\org\skyscreamer\jsonassert\1.4.0\jsonassert-1.4.0.jar;E:\repository\com\vaadin\external\google\android-json\0.0.20131108.vaadin1\android-json-0.0.20131108.vaadin1.jar;E:\repository\org\springframework\spring-core\4.3.13.RELEASE\spring-core-4.3.13.RELEASE.jar;E:\repository\org\springframework\spring-test\4.3.13.RELEASE\spring-test-4.3.13.RELEASE.jar;E:\repository\org\springframework\ws\spring-ws-core\2.4.2.RELEASE\spring-ws-core-2.4.2.RELEASE.jar;E:\repository\org\springframework\ws\spring-xml\2.4.2.RELEASE\spring-xml-2.4.2.RELEASE.jar;E:\repository\org\springframework\spring-aop\4.3.13.RELEASE\spring-aop-4.3.13.RELEASE.jar;E:\repository\org\springframework\spring-beans\4.3.13.RELEASE\spring-beans-4.3.13.RELEASE.jar;E:\repository\org\springframework\spring-oxm\4.3.13.RELEASE\spring-oxm-4.3.13.RELEASE.jar;E:\repository\com\google\zxing\javase\3.2.0\javase-3.2.0.jar;E:\repository\com\google\zxing\core\3.2.0\core-3.2.0.jar;E:\repository\commons-codec\commons-codec\1.10\commons-codec-1.10.jar;E:\repository\org\apache\commons\commons-lang3\3.7\commons-lang3-3.7.jar;E:\repository\com\squareup\okhttp3\okhttp\3.10.0\okhttp-3.10.0.jar;E:\repository\com\squareup\okio\okio\1.14.0\okio-1.14.0.jar;E:\repository\org\projectlombok\lombok\1.16.18\lombok-1.16.18.jar;E:\repository\net\sourceforge\htmlunit\htmlunit\2.30\htmlunit-2.30.jar;E:\repository\xalan\xalan\2.7.2\xalan-2.7.2.jar;E:\repository\xalan\serializer\2.7.2\serializer-2.7.2.jar;E:\repository\org\apache\commons\commons-text\1.3\commons-text-1.3.jar;E:\repository\org\apache\httpcomponents\httpmime\4.5.3\httpmime-4.5.3.jar;E:\repository\net\sourceforge\htmlunit\htmlunit-core-js\2.28\htmlunit-core-js-2.28.jar;E:\repository\net\sourceforge\htmlunit\neko-htmlunit\2.30\neko-htmlunit-2.30.jar;E:\repository\xerces\xercesImpl\2.11.0\xercesImpl-2.11.0.jar;E:\repository\xml-apis\xml-apis\1.4.01\xml-apis-1.4.01.jar;E:\repository\net\sourceforge\htmlunit\htmlunit-cssparser\1.0.0\htmlunit-cssparser-1.0.0.jar;E:\repository\commons-io\commons-io\2.6\commons-io-2.6.jar;E:\repository\commons-net\commons-net\3.6\commons-net-3.6.jar;E:\repository\org\eclipse\jetty\websocket\websocket-client\9.4.7.v20170914\websocket-client-9.4.7.v20170914.jar;E:\repository\org\eclipse\jetty\jetty-client\9.4.7.v20170914\jetty-client-9.4.7.v20170914.jar;E:\repository\org\eclipse\jetty\jetty-http\9.4.7.v20170914\jetty-http-9.4.7.v20170914.jar;E:\repository\org\eclipse\jetty\jetty-xml\9.4.7.v20170914\jetty-xml-9.4.7.v20170914.jar;E:\repository\org\eclipse\jetty\jetty-util\9.4.7.v20170914\jetty-util-9.4.7.v20170914.jar;E:\repository\org\eclipse\jetty\jetty-io\9.4.7.v20170914\jetty-io-9.4.7.v20170914.jar;E:\repository\org\eclipse\jetty\websocket\websocket-common\9.4.7.v20170914\websocket-common-9.4.7.v20170914.jar;E:\repository\org\eclipse\jetty\websocket\websocket-api\9.4.7.v20170914\websocket-api-9.4.7.v20170914.jar;E:\repository\org\apache\httpcomponents\httpclient\4.5.5\httpclient-4.5.5.jar;E:\repository\org\apache\httpcomponents\httpcore\4.4.8\httpcore-4.4.8.jar;E:\repository\org\springframework\boot\spring-boot-starter-freemarker\1.5.9.RELEASE\spring-boot-starter-freemarker-1.5.9.RELEASE.jar;E:\repository\org\freemarker\freemarker\2.3.27-incubating\freemarker-2.3.27-incubating.jar;E:\repository\org\springframework\spring-context-support\4.3.13.RELEASE\spring-context-support-4.3.13.RELEASE.jar;E:\repository\org\seleniumhq\selenium\selenium-firefox-driver\2.53.1\selenium-firefox-driver-2.53.1.jar;E:\repository\org\seleniumhq\selenium\selenium-remote-driver\2.53.1\selenium-remote-driver-2.53.1.jar;E:\repository\cglib\cglib-nodep\2.1_3\cglib-nodep-2.1_3.jar;E:\repository\org\seleniumhq\selenium\selenium-api\2.53.1\selenium-api-2.53.1.jar;E:\repository\com\google\guava\guava\19.0\guava-19.0.jar;E:\repository\net\java\dev\jna\jna\4.2.2\jna-4.2.2.jar;E:\repository\net\java\dev\jna\jna-platform\4.2.2\jna-platform-4.2.2.jar;E:\repository\org\apache\commons\commons-exec\1.3\commons-exec-1.3.jar;E:\repository\junit\junit\4.12\junit-4.12.jar;E:\repository\org\ow2\asm\asm\6.2\asm-6.2.jar;E:\repository\io\netty\netty-transport\4.1.24.Final\netty-transport-4.1.24.Final.jar;E:\repository\io\netty\netty-buffer\4.1.24.Final\netty-buffer-4.1.24.Final.jar;E:\repository\io\netty\netty-common\4.1.24.Final\netty-common-4.1.24.Final.jar;E:\repository\io\netty\netty-resolver\4.1.24.Final\netty-resolver-4.1.24.Final.jar;E:\repository\io\netty\netty-all\4.1.24.Final\netty-all-4.1.24.Final.jar;E:\repository\io\netty\netty-codec-http\4.1.24.Final\netty-codec-http-4.1.24.Final.jar;E:\repository\io\netty\netty-codec\4.1.24.Final\netty-codec-4.1.24.Final.jar;E:\repository\com\creditcloud\common\Common\1.0-SNAPSHOT\Common-1.0-SNAPSHOT.jar;E:\repository\com\creditcloud\logging\Logging\1.0.0\Logging-1.0.0.jar;E:\repository\log4j\log4j\1.2.17\log4j-1.2.17.jar;E:\repository\org\slf4j\slf4j-log4j12\1.7.25\slf4j-log4j12-1.7.25.jar;E:\repository\nl\captcha\SimpleCaptcha\1.3.0\SimpleCaptcha-1.3.0.jar;E:\repository\com\jhlabs\filters\1.0\filters-1.0.jar;E:\repository\com\google\code\gson\gson\2.8.2\gson-2.8.2.jar;E:\repository\commons-beanutils\commons-beanutils\1.9.3\commons-beanutils-1.9.3.jar;E:\repository\commons-collections\commons-collections\3.2.2\commons-collections-3.2.2.jar;E:\repository\com\itextpdf\itextpdf\5.4.4\itextpdf-5.4.4.jar;E:\repository\com\itextpdf\itext-asian\5.2.0\itext-asian-5.2.0.jar;E:\repository\com\creditcloud\model\Model\1.0-SNAPSHOT\Model-1.0-SNAPSHOT.jar;E:\repository\joda-time\joda-time\2.9.9\joda-time-2.9.9.jar;E:\repository\javax\javaee-api\7.0\javaee-api-7.0.jar;E:\repository\com\efushui\certificate-authority-model\0.0.1-SNAPSHOT\certificate-authority-model-0.0.1-SNAPSHOT.jar;E:\repository\com\efushui\file-store\1.0-SNAPSHOT\file-store-1.0-SNAPSHOT.jar;E:\repository\com\efushui\microservice\microservice-common\1.0-SNAPSHOT\microservice-common-1.0-SNAPSHOT.jar;E:\repository\com\squareup\retrofit2\converter-gson\2.4.0\converter-gson-2.4.0.jar;E:\repository\com\squareup\retrofit2\retrofit\2.4.0\retrofit-2.4.0.jar;E:\repository\com\squareup\okhttp3\logging-interceptor\3.10.0\logging-interceptor-3.10.0.jar;E:\repository\com\efushui\microservice\microservice-model\1.0-SNAPSHOT\microservice-model-1.0-SNAPSHOT.jar;E:\repository\cglib\cglib\3.2.6\cglib-3.2.6.jar;E:\repository\org\apache\ant\ant\1.9.6\ant-1.9.6.jar;E:\repository\org\apache\ant\ant-launcher\1.9.6\ant-launcher-1.9.6.jar;E:\repository\commons-lang\commons-lang\2.6\commons-lang-2.6.jar;E:\repository\net\minidev\asm\1.0.2\asm-1.0.2.jar;E:\repository\asm\asm\3.3.1\asm-3.3.1.jar;E:\repository\concurrent\concurrent\1.3.4\concurrent-1.3.4.jar;E:\repository\com\alibaba\rocketmq\rocketmq-client\3.2.6\rocketmq-client-3.2.6.jar;E:\repository\com\alibaba\rocketmq\rocketmq-common\3.2.6\rocketmq-common-3.2.6.jar;E:\repository\com\alibaba\rocketmq\rocketmq-remoting\3.2.6\rocketmq-remoting-3.2.6.jar;E:\repository\com\alibaba\fastjson\1.2.3\fastjson-1.2.3.jar;E:\repository\redis\clients\jedis\2.9.0\jedis-2.9.0.jar;E:\repository\org\apache\commons\commons-pool2\2.4.3\commons-pool2-2.4.3.jar;, user.name=MRB, java.vm.specification.version=1.8, sun.java.command=F:\github\unit_test\target\surefire\surefirebooter5781556419211982734.jar F:\github\unit_test\target\surefire\surefire1246161100729630412tmp F:\github\unit_test\target\surefire\surefire_07164535914981247302tmp, java.home=C:\Program Files\Java\jdk1.8.0_131\jre, sun.arch.data.model=64, user.language=zh, java.specification.vendor=Oracle Corporation, awt.toolkit=sun.awt.windows.WToolkit, java.vm.info=mixed mode, java.version=1.8.0_131, java.ext.dirs=C:\Program Files\Java\jdk1.8.0_131\jre\lib\ext;C:\WINDOWS\Sun\Java\lib\ext, sun.boot.class.path=C:\Program Files\Java\jdk1.8.0_131\jre\lib\resources.jar;C:\Program Files\Java\jdk1.8.0_131\jre\lib\rt.jar;C:\Program Files\Java\jdk1.8.0_131\jre\lib\sunrsasign.jar;C:\Program Files\Java\jdk1.8.0_131\jre\lib\jsse.jar;C:\Program Files\Java\jdk1.8.0_131\jre\lib\jce.jar;C:\Program Files\Java\jdk1.8.0_131\jre\lib\charsets.jar;C:\Program Files\Java\jdk1.8.0_131\jre\lib\jfr.jar;C:\Program Files\Java\jdk1.8.0_131\jre\classes, java.vendor=Oracle Corporation, localRepository=E:\repository, file.separator=\, java.vendor.url.bug=http://bugreport.sun.com/bugreport/, sun.io.unicode.encoding=UnicodeLittle, sun.cpu.endian=little, sun.desktop=windows, sun.cpu.isalist=amd64}}, SystemEnvironmentPropertySource@1920387277 {name='systemEnvironment', properties={PATH=C:/Program Files/Java/jre1.8.0_131/bin/server;C:/Program Files/Java/jre1.8.0_131/bin;C:/Program Files/Java/jre1.8.0_131/lib/amd64;C:\ProgramData\Oracle\Java\javapath;C:\Program Files\Java\jdk1.8.0_131/bin;E:\apache-maven-3.5.0/bin;C:\Program Files (x86)\Intel\iCLS Client\;C:\Program Files\Intel\iCLS Client\;C:\Windows\system32;C:\Windows;C:\Windows\System32\Wbem;C:\Windows\System32\WindowsPowerShell\v1.0\;C:\Program Files (x86)\NVIDIA Corporation\PhysX\Common;C:\Program Files (x86)\Intel\Intel(R) Management Engine Components\DAL;C:\Program Files\Intel\Intel(R) Management Engine Components\DAL;C:\Program Files (x86)\Intel\Intel(R) Management Engine Components\IPT;C:\Program Files\Intel\Intel(R) Management Engine Components\IPT;C:\Program Files\TortoiseSVN\bin;C:\WINDOWS\system32;C:\WINDOWS;C:\WINDOWS\System32\Wbem;C:\WINDOWS\System32\WindowsPowerShell\v1.0\;E:\zookeeper\zookeeper-3.4.11\bin;E:\zookeeper\zookeeper-3.4.11\conf;E:\apache-tomcat-7.0.79\bin;E:\apache-tomcat-7.0.79\lib;E:\glassfish4\glassfish\bin;E:\glassfish4\glassfish\lib;C:\Program Files\nodejs\;C:\Program Files\MySQL\MySQL Utilities 1.6\;C:\Program Files\Git\cmd;C:\Program Files\erl9.3\bin;C:\WINDOWS\System32\OpenSSH\;G:\softface\rabbitMQ\rabbitmq_server-3.7.5\sbin;C:\Program Files\MySQL\MySQL Server 5.7\bin;E:\hadoop-2.7.6\bin;C:\Users\MRB\AppData\Local\Microsoft\WindowsApps;C:\Users\MRB\AppData\Roaming\npm;%USERPROFILE%\AppData\Local\Microsoft\WindowsApps;;E:\eclipse;, USERDOMAIN_ROAMINGPROFILE=DESKTOP-9EQJ4QP, PROCESSOR_LEVEL=6, SYSTEMDRIVE=C:, SESSIONNAME=Console, ALLUSERSPROFILE=C:\ProgramData, PROCESSOR_ARCHITECTURE=AMD64, DRIVERDATA=C:\Windows\System32\Drivers\DriverData, MAVEN_HOME=E:\apache-maven-3.5.0, PROGRAMFILES=C:\Program Files, PSMODULEPATH=C:\Program Files\WindowsPowerShell\Modules;C:\WINDOWS\system32\WindowsPowerShell\v1.0\Modules, PROGRAMDATA=C:\ProgramData, USERNAME=MRB, FPS_BROWSER_USER_PROFILE_STRING=Default, ONEDRIVE=C:\Users\MRB\OneDrive, PATHEXT=.COM;.EXE;.BAT;.CMD;.VBS;.VBE;.JS;.JSE;.WSF;.WSH;.MSC, WINDIR=C:\WINDOWS, =F:=F:\github\unit_test, HOMEPATH=\Users\MRB, PROCESSOR_IDENTIFIER=Intel64 Family 6 Model 142 Stepping 9, GenuineIntel, HADOOP_HOME=E:\hadoop-2.7.6, PUBLIC=C:\Users\Public, =::=::\, ZOOKEEPER_HOME=E:\zookeeper\zookeeper-3.4.11, LOCALAPPDATA=C:\Users\MRB\AppData\Local, COMMONPROGRAMFILES(X86)=C:\Program Files (x86)\Common Files, USERDOMAIN=DESKTOP-9EQJ4QP, FPS_BROWSER_APP_PROFILE_STRING=Internet Explorer, LOGONSERVER=\\DESKTOP-9EQJ4QP, JAVA_HOME=C:\Program Files\Java\jdk1.8.0_131, PROMPT=$P$G, PROGRAMFILES(X86)=C:\Program Files (x86), GLASSFISH_HOME=E:\glassfish4\glassfish, ERLANG_HOME=C:\Program Files\erl9.3, =C:=C:\, APPDATA=C:\Users\MRB\AppData\Roaming, PROGRAMW6432=C:\Program Files, SYSTEMROOT=C:\WINDOWS, OS=Windows_NT, COMMONPROGRAMW6432=C:\Program Files\Common Files, COMPUTERNAME=DESKTOP-9EQJ4QP, COMMONPROGRAMFILES=C:\Program Files\Common Files, COMSPEC=C:\WINDOWS\system32\cmd.exe, CATALINA_HOME=E:\apache-tomcat-7.0.79, PROCESSOR_REVISION=8e09, TEMP=C:\Users\MRB\AppData\Local\Temp, HOMEDRIVE=C:, USERPROFILE=C:\Users\MRB, TMP=C:\Users\MRB\AppData\Local\Temp, NUMBER_OF_PROCESSORS=4}}]
21:04:05.790 [main] DEBUG org.springframework.core.io.support.PathMatchingResourcePatternResolver - Resolved classpath location [com/creditcloud/jpa/unit_test/] to resources [URL [file:/F:/github/unit_test/target/test-classes/com/creditcloud/jpa/unit_test/], URL [file:/F:/github/unit_test/target/classes/com/creditcloud/jpa/unit_test/]]
21:04:05.793 [main] DEBUG org.springframework.core.io.support.PathMatchingResourcePatternResolver - Looking for matching resources in directory tree [F:\github\unit_test\target\test-classes\com\creditcloud\jpa\unit_test]
21:04:05.794 [main] DEBUG org.springframework.core.io.support.PathMatchingResourcePatternResolver - Searching directory [F:\github\unit_test\target\test-classes\com\creditcloud\jpa\unit_test] for files matching pattern [F:/github/unit_test/target/test-classes/com/creditcloud/jpa/unit_test/*.class]
21:04:05.816 [main] DEBUG org.springframework.core.io.support.PathMatchingResourcePatternResolver - Looking for matching resources in directory tree [F:\github\unit_test\target\classes\com\creditcloud\jpa\unit_test]
21:04:05.817 [main] DEBUG org.springframework.core.io.support.PathMatchingResourcePatternResolver - Searching directory [F:\github\unit_test\target\classes\com\creditcloud\jpa\unit_test] for files matching pattern [F:/github/unit_test/target/classes/com/creditcloud/jpa/unit_test/*.class]
21:04:05.820 [main] DEBUG org.springframework.core.io.support.PathMatchingResourcePatternResolver - Resolved location pattern [classpath*:com/creditcloud/jpa/unit_test/*.class] to resources [file [F:\github\unit_test\target\test-classes\com\creditcloud\jpa\unit_test\HttpServer$1.class], file [F:\github\unit_test\target\test-classes\com\creditcloud\jpa\unit_test\HttpServer.class], file [F:\github\unit_test\target\test-classes\com\creditcloud\jpa\unit_test\InsertTest.class], file [F:\github\unit_test\target\test-classes\com\creditcloud\jpa\unit_test\LoanTest.class], file [F:\github\unit_test\target\test-classes\com\creditcloud\jpa\unit_test\MemMapReadWrite.class], file [F:\github\unit_test\target\test-classes\com\creditcloud\jpa\unit_test\NIOServer$Processor$1.class], file [F:\github\unit_test\target\test-classes\com\creditcloud\jpa\unit_test\NIOServer$Processor.class], file [F:\github\unit_test\target\test-classes\com\creditcloud\jpa\unit_test\NIOServer.class], file [F:\github\unit_test\target\test-classes\com\creditcloud\jpa\unit_test\NormalReadWrite.class], file [F:\github\unit_test\target\test-classes\com\creditcloud\jpa\unit_test\TestAsm.class], file [F:\github\unit_test\target\test-classes\com\creditcloud\jpa\unit_test\TestByte.class], file [F:\github\unit_test\target\test-classes\com\creditcloud\jpa\unit_test\TestCGLib.class], file [F:\github\unit_test\target\test-classes\com\creditcloud\jpa\unit_test\TestClassLoader.class], file [F:\github\unit_test\target\test-classes\com\creditcloud\jpa\unit_test\TestCookie.class], file [F:\github\unit_test\target\test-classes\com\creditcloud\jpa\unit_test\TestDecode.class], file [F:\github\unit_test\target\test-classes\com\creditcloud\jpa\unit_test\TestEncrypt.class], file [F:\github\unit_test\target\test-classes\com\creditcloud\jpa\unit_test\TestGuava$1.class], file [F:\github\unit_test\target\test-classes\com\creditcloud\jpa\unit_test\TestGuava$2.class], file [F:\github\unit_test\target\test-classes\com\creditcloud\jpa\unit_test\TestGuava.class], file [F:\github\unit_test\target\test-classes\com\creditcloud\jpa\unit_test\TestHttp$1.class], file [F:\github\unit_test\target\test-classes\com\creditcloud\jpa\unit_test\TestHttp$2.class], file [F:\github\unit_test\target\test-classes\com\creditcloud\jpa\unit_test\TestHttp.class], file [F:\github\unit_test\target\test-classes\com\creditcloud\jpa\unit_test\TestHttpFile$1.class], file [F:\github\unit_test\target\test-classes\com\creditcloud\jpa\unit_test\TestHttpFile.class], file [F:\github\unit_test\target\test-classes\com\creditcloud\jpa\unit_test\TestMap.class], file [F:\github\unit_test\target\test-classes\com\creditcloud\jpa\unit_test\TestProxy.class], file [F:\github\unit_test\target\test-classes\com\creditcloud\jpa\unit_test\TestQRCode.class], file [F:\github\unit_test\target\test-classes\com\creditcloud\jpa\unit_test\TestRedis.class], file [F:\github\unit_test\target\test-classes\com\creditcloud\jpa\unit_test\TestReference.class], file [F:\github\unit_test\target\test-classes\com\creditcloud\jpa\unit_test\TestSington$Sington.class], file [F:\github\unit_test\target\test-classes\com\creditcloud\jpa\unit_test\TestSington.class], file [F:\github\unit_test\target\test-classes\com\creditcloud\jpa\unit_test\TestSql.class], file [F:\github\unit_test\target\test-classes\com\creditcloud\jpa\unit_test\TestSqlCapability.class], file [F:\github\unit_test\target\test-classes\com\creditcloud\jpa\unit_test\TestString.class], file [F:\github\unit_test\target\test-classes\com\creditcloud\jpa\unit_test\UnitTestApplicationTests.class], file [F:\github\unit_test\target\classes\com\creditcloud\jpa\unit_test\MatrixToImageWriter.class], file [F:\github\unit_test\target\classes\com\creditcloud\jpa\unit_test\UnitTestApplication.class]]
21:04:05.951 [main] DEBUG org.springframework.context.annotation.ClassPathScanningCandidateComponentProvider - Identified candidate component class: file [F:\github\unit_test\target\classes\com\creditcloud\jpa\unit_test\UnitTestApplication.class]
21:04:05.953 [main] INFO org.springframework.boot.test.context.SpringBootTestContextBootstrapper - Found @SpringBootConfiguration com.creditcloud.jpa.unit_test.UnitTestApplication for test class com.creditcloud.jpa.unit_test.LoanTest
21:04:05.966 [main] DEBUG org.springframework.boot.test.context.SpringBootTestContextBootstrapper - @TestExecutionListeners is not present for class [com.creditcloud.jpa.unit_test.LoanTest]: using defaults.
21:04:05.971 [main] INFO org.springframework.boot.test.context.SpringBootTestContextBootstrapper - Loaded default TestExecutionListener class names from location [META-INF/spring.factories]: [org.springframework.boot.test.mock.mockito.MockitoTestExecutionListener, org.springframework.boot.test.mock.mockito.ResetMocksTestExecutionListener, org.springframework.boot.test.autoconfigure.restdocs.RestDocsTestExecutionListener, org.springframework.boot.test.autoconfigure.web.client.MockRestServiceServerResetTestExecutionListener, org.springframework.boot.test.autoconfigure.web.servlet.MockMvcPrintOnlyOnFailureTestExecutionListener, org.springframework.boot.test.autoconfigure.web.servlet.WebDriverTestExecutionListener, org.springframework.test.context.web.ServletTestExecutionListener, org.springframework.test.context.support.DirtiesContextBeforeModesTestExecutionListener, org.springframework.test.context.support.DependencyInjectionTestExecutionListener, org.springframework.test.context.support.DirtiesContextTestExecutionListener, org.springframework.test.context.transaction.TransactionalTestExecutionListener, org.springframework.test.context.jdbc.SqlScriptsTestExecutionListener]
21:04:06.045 [main] INFO org.springframework.boot.test.context.SpringBootTestContextBootstrapper - Using TestExecutionListeners: [org.springframework.test.context.web.ServletTestExecutionListener@501edcf1, org.springframework.test.context.support.DirtiesContextBeforeModesTestExecutionListener@78b729e6, org.springframework.boot.test.autoconfigure.SpringBootDependencyInjectionTestExecutionListener@6b4a4e18, org.springframework.test.context.support.DirtiesContextTestExecutionListener@27c86f2d, org.springframework.test.context.transaction.TransactionalTestExecutionListener@197d671, org.springframework.test.context.jdbc.SqlScriptsTestExecutionListener@402e37bc, org.springframework.boot.test.autoconfigure.web.client.MockRestServiceServerResetTestExecutionListener@79ad8b2f, org.springframework.boot.test.autoconfigure.web.servlet.MockMvcPrintOnlyOnFailureTestExecutionListener@1df82230, org.springframework.boot.test.mock.mockito.ResetMocksTestExecutionListener@22635ba0, org.springframework.boot.test.mock.mockito.MockitoTestExecutionListener@13c10b87, org.springframework.boot.test.autoconfigure.web.servlet.WebDriverTestExecutionListener@6a01e23, org.springframework.boot.test.autoconfigure.restdocs.RestDocsTestExecutionListener@5a955565]
21:04:06.045 [main] DEBUG org.springframework.test.context.junit4.SpringJUnit4ClassRunner - SpringJUnit4ClassRunner constructor called with [class com.creditcloud.jpa.unit_test.UnitTestApplicationTests]
21:04:06.045 [main] DEBUG org.springframework.test.context.BootstrapUtils - Instantiating CacheAwareContextLoaderDelegate from class [org.springframework.test.context.cache.DefaultCacheAwareContextLoaderDelegate]
21:04:06.046 [main] DEBUG org.springframework.test.context.BootstrapUtils - Instantiating BootstrapContext using constructor [public org.springframework.test.context.support.DefaultBootstrapContext(java.lang.Class,org.springframework.test.context.CacheAwareContextLoaderDelegate)]
21:04:06.046 [main] DEBUG org.springframework.test.context.BootstrapUtils - Instantiating TestContextBootstrapper for test class [com.creditcloud.jpa.unit_test.UnitTestApplicationTests] from class [org.springframework.boot.test.context.SpringBootTestContextBootstrapper]
21:04:06.048 [main] INFO org.springframework.boot.test.context.SpringBootTestContextBootstrapper - Neither @ContextConfiguration nor @ContextHierarchy found for test class [com.creditcloud.jpa.unit_test.UnitTestApplicationTests], using SpringBootContextLoader
21:04:06.050 [main] DEBUG org.springframework.test.context.support.AbstractContextLoader - Did not detect default resource location for test class [com.creditcloud.jpa.unit_test.UnitTestApplicationTests]: class path resource [com/creditcloud/jpa/unit_test/UnitTestApplicationTests-context.xml] does not exist
21:04:06.051 [main] DEBUG org.springframework.test.context.support.AbstractContextLoader - Did not detect default resource location for test class [com.creditcloud.jpa.unit_test.UnitTestApplicationTests]: class path resource [com/creditcloud/jpa/unit_test/UnitTestApplicationTestsContext.groovy] does not exist
21:04:06.051 [main] INFO org.springframework.test.context.support.AbstractContextLoader - Could not detect default resource locations for test class [com.creditcloud.jpa.unit_test.UnitTestApplicationTests]: no resource found for suffixes {-context.xml, Context.groovy}.
21:04:06.052 [main] INFO org.springframework.test.context.support.AnnotationConfigContextLoaderUtils - Could not detect default configuration classes for test class [com.creditcloud.jpa.unit_test.UnitTestApplicationTests]: UnitTestApplicationTests does not declare any static, non-private, non-final, nested classes annotated with @Configuration.
21:04:06.067 [main] DEBUG org.springframework.test.context.support.ActiveProfilesUtils - Could not find an 'annotation declaring class' for annotation type [org.springframework.test.context.ActiveProfiles] and class [com.creditcloud.jpa.unit_test.UnitTestApplicationTests]
21:04:06.069 [main] DEBUG org.springframework.core.env.StandardEnvironment - Adding PropertySource 'systemProperties' with lowest search precedence
21:04:06.070 [main] DEBUG org.springframework.core.env.StandardEnvironment - Adding PropertySource 'systemEnvironment' with lowest search precedence
21:04:06.072 [main] DEBUG org.springframework.core.env.StandardEnvironment - Initialized StandardEnvironment with PropertySources [MapPropertySource@1571967156 {name='systemProperties', properties={java.runtime.name=Java(TM) SE Runtime Environment, sun.boot.library.path=C:\Program Files\Java\jdk1.8.0_131\jre\bin, java.vm.version=25.131-b11, java.vm.vendor=Oracle Corporation, java.vendor.url=http://java.oracle.com/, path.separator=;, java.vm.name=Java HotSpot(TM) 64-Bit Server VM, file.encoding.pkg=sun.io, user.country=CN, user.script=, sun.java.launcher=SUN_STANDARD, sun.os.patch.level=, java.vm.specification.name=Java Virtual Machine Specification, user.dir=F:\github\unit_test, java.runtime.version=1.8.0_131-b11, basedir=F:\github\unit_test, java.awt.graphicsenv=sun.awt.Win32GraphicsEnvironment, java.endorsed.dirs=C:\Program Files\Java\jdk1.8.0_131\jre\lib\endorsed, os.arch=amd64, surefire.real.class.path=F:\github\unit_test\target\surefire\surefirebooter5781556419211982734.jar, java.io.tmpdir=C:\Users\MRB\AppData\Local\Temp\, line.separator=
, java.vm.specification.vendor=Oracle Corporation, user.variant=, os.name=Windows 10, sun.jnu.encoding=GBK, java.library.path=C:\Program Files\Java\jdk1.8.0_131\jre\bin;C:\WINDOWS\Sun\Java\bin;C:\WINDOWS\system32;C:\WINDOWS;C:/Program Files/Java/jre1.8.0_131/bin/server;C:/Program Files/Java/jre1.8.0_131/bin;C:/Program Files/Java/jre1.8.0_131/lib/amd64;C:\ProgramData\Oracle\Java\javapath;C:\Program Files\Java\jdk1.8.0_131/bin;E:\apache-maven-3.5.0/bin;C:\Program Files (x86)\Intel\iCLS Client\;C:\Program Files\Intel\iCLS Client\;C:\Windows\system32;C:\Windows;C:\Windows\System32\Wbem;C:\Windows\System32\WindowsPowerShell\v1.0\;C:\Program Files (x86)\NVIDIA Corporation\PhysX\Common;C:\Program Files (x86)\Intel\Intel(R) Management Engine Components\DAL;C:\Program Files\Intel\Intel(R) Management Engine Components\DAL;C:\Program Files (x86)\Intel\Intel(R) Management Engine Components\IPT;C:\Program Files\Intel\Intel(R) Management Engine Components\IPT;C:\Program Files\TortoiseSVN\bin;C:\WINDOWS\system32;C:\WINDOWS;C:\WINDOWS\System32\Wbem;C:\WINDOWS\System32\WindowsPowerShell\v1.0\;E:\zookeeper\zookeeper-3.4.11\bin;E:\zookeeper\zookeeper-3.4.11\conf;E:\apache-tomcat-7.0.79\bin;E:\apache-tomcat-7.0.79\lib;E:\glassfish4\glassfish\bin;E:\glassfish4\glassfish\lib;C:\Program Files\nodejs\;C:\Program Files\MySQL\MySQL Utilities 1.6\;C:\Program Files\Git\cmd;C:\Program Files\erl9.3\bin;C:\WINDOWS\System32\OpenSSH\;G:\softface\rabbitMQ\rabbitmq_server-3.7.5\sbin;C:\Program Files\MySQL\MySQL Server 5.7\bin;E:\hadoop-2.7.6\bin;C:\Users\MRB\AppData\Local\Microsoft\WindowsApps;C:\Users\MRB\AppData\Roaming\npm;%USERPROFILE%\AppData\Local\Microsoft\WindowsApps;;E:\eclipse;;., surefire.test.class.path=F:\github\unit_test\target\test-classes;F:\github\unit_test\target\classes;E:\repository\org\springframework\boot\spring-boot-starter-data-jpa\1.5.9.RELEASE\spring-boot-starter-data-jpa-1.5.9.RELEASE.jar;E:\repository\org\springframework\boot\spring-boot-starter\1.5.9.RELEASE\spring-boot-starter-1.5.9.RELEASE.jar;E:\repository\org\springframework\boot\spring-boot\1.5.9.RELEASE\spring-boot-1.5.9.RELEASE.jar;E:\repository\org\springframework\boot\spring-boot-autoconfigure\1.5.9.RELEASE\spring-boot-autoconfigure-1.5.9.RELEASE.jar;E:\repository\org\springframework\boot\spring-boot-starter-logging\1.5.9.RELEASE\spring-boot-starter-logging-1.5.9.RELEASE.jar;E:\repository\ch\qos\logback\logback-classic\1.1.11\logback-classic-1.1.11.jar;E:\repository\ch\qos\logback\logback-core\1.1.11\logback-core-1.1.11.jar;E:\repository\org\slf4j\jul-to-slf4j\1.7.25\jul-to-slf4j-1.7.25.jar;E:\repository\org\slf4j\log4j-over-slf4j\1.7.25\log4j-over-slf4j-1.7.25.jar;E:\repository\org\yaml\snakeyaml\1.17\snakeyaml-1.17.jar;E:\repository\org\springframework\boot\spring-boot-starter-aop\1.5.9.RELEASE\spring-boot-starter-aop-1.5.9.RELEASE.jar;E:\repository\org\aspectj\aspectjweaver\1.8.13\aspectjweaver-1.8.13.jar;E:\repository\org\springframework\boot\spring-boot-starter-jdbc\1.5.9.RELEASE\spring-boot-starter-jdbc-1.5.9.RELEASE.jar;E:\repository\org\apache\tomcat\tomcat-jdbc\8.5.23\tomcat-jdbc-8.5.23.jar;E:\repository\org\apache\tomcat\tomcat-juli\8.5.23\tomcat-juli-8.5.23.jar;E:\repository\org\springframework\spring-jdbc\4.3.13.RELEASE\spring-jdbc-4.3.13.RELEASE.jar;E:\repository\org\hibernate\hibernate-core\5.0.12.Final\hibernate-core-5.0.12.Final.jar;E:\repository\org\jboss\logging\jboss-logging\3.3.1.Final\jboss-logging-3.3.1.Final.jar;E:\repository\org\hibernate\javax\persistence\hibernate-jpa-2.1-api\1.0.0.Final\hibernate-jpa-2.1-api-1.0.0.Final.jar;E:\repository\org\javassist\javassist\3.21.0-GA\javassist-3.21.0-GA.jar;E:\repository\antlr\antlr\2.7.7\antlr-2.7.7.jar;E:\repository\org\jboss\jandex\2.0.0.Final\jandex-2.0.0.Final.jar;E:\repository\dom4j\dom4j\1.6.1\dom4j-1.6.1.jar;E:\repository\org\hibernate\common\hibernate-commons-annotations\5.0.1.Final\hibernate-commons-annotations-5.0.1.Final.jar;E:\repository\org\hibernate\hibernate-entitymanager\5.0.12.Final\hibernate-entitymanager-5.0.12.Final.jar;E:\repository\javax\transaction\javax.transaction-api\1.2\javax.transaction-api-1.2.jar;E:\repository\org\springframework\data\spring-data-jpa\1.11.9.RELEASE\spring-data-jpa-1.11.9.RELEASE.jar;E:\repository\org\springframework\data\spring-data-commons\1.13.9.RELEASE\spring-data-commons-1.13.9.RELEASE.jar;E:\repository\org\springframework\spring-orm\4.3.13.RELEASE\spring-orm-4.3.13.RELEASE.jar;E:\repository\org\springframework\spring-context\4.3.13.RELEASE\spring-context-4.3.13.RELEASE.jar;E:\repository\org\springframework\spring-tx\4.3.13.RELEASE\spring-tx-4.3.13.RELEASE.jar;E:\repository\org\slf4j\slf4j-api\1.7.25\slf4j-api-1.7.25.jar;E:\repository\org\slf4j\jcl-over-slf4j\1.7.25\jcl-over-slf4j-1.7.25.jar;E:\repository\org\springframework\spring-aspects\4.3.13.RELEASE\spring-aspects-4.3.13.RELEASE.jar;E:\repository\org\springframework\boot\spring-boot-starter-web\1.5.9.RELEASE\spring-boot-starter-web-1.5.9.RELEASE.jar;E:\repository\org\springframework\boot\spring-boot-starter-tomcat\1.5.9.RELEASE\spring-boot-starter-tomcat-1.5.9.RELEASE.jar;E:\repository\org\apache\tomcat\embed\tomcat-embed-core\8.5.23\tomcat-embed-core-8.5.23.jar;E:\repository\org\apache\tomcat\tomcat-annotations-api\8.5.23\tomcat-annotations-api-8.5.23.jar;E:\repository\org\apache\tomcat\embed\tomcat-embed-el\8.5.23\tomcat-embed-el-8.5.23.jar;E:\repository\org\apache\tomcat\embed\tomcat-embed-websocket\8.5.23\tomcat-embed-websocket-8.5.23.jar;E:\repository\org\hibernate\hibernate-validator\5.3.6.Final\hibernate-validator-5.3.6.Final.jar;E:\repository\javax\validation\validation-api\1.1.0.Final\validation-api-1.1.0.Final.jar;E:\repository\com\fasterxml\classmate\1.3.4\classmate-1.3.4.jar;E:\repository\com\fasterxml\jackson\core\jackson-databind\2.8.10\jackson-databind-2.8.10.jar;E:\repository\com\fasterxml\jackson\core\jackson-annotations\2.8.0\jackson-annotations-2.8.0.jar;E:\repository\com\fasterxml\jackson\core\jackson-core\2.8.10\jackson-core-2.8.10.jar;E:\repository\org\springframework\spring-web\4.3.13.RELEASE\spring-web-4.3.13.RELEASE.jar;E:\repository\org\springframework\spring-webmvc\4.3.13.RELEASE\spring-webmvc-4.3.13.RELEASE.jar;E:\repository\org\springframework\spring-expression\4.3.13.RELEASE\spring-expression-4.3.13.RELEASE.jar;E:\repository\mysql\mysql-connector-java\5.1.44\mysql-connector-java-5.1.44.jar;E:\repository\org\springframework\boot\spring-boot-starter-test\1.5.9.RELEASE\spring-boot-starter-test-1.5.9.RELEASE.jar;E:\repository\org\springframework\boot\spring-boot-test\1.5.9.RELEASE\spring-boot-test-1.5.9.RELEASE.jar;E:\repository\org\springframework\boot\spring-boot-test-autoconfigure\1.5.9.RELEASE\spring-boot-test-autoconfigure-1.5.9.RELEASE.jar;E:\repository\com\jayway\jsonpath\json-path\2.2.0\json-path-2.2.0.jar;E:\repository\net\minidev\json-smart\2.2.1\json-smart-2.2.1.jar;E:\repository\org\assertj\assertj-core\2.6.0\assertj-core-2.6.0.jar;E:\repository\org\mockito\mockito-core\1.10.19\mockito-core-1.10.19.jar;E:\repository\org\objenesis\objenesis\2.1\objenesis-2.1.jar;E:\repository\org\hamcrest\hamcrest-core\1.3\hamcrest-core-1.3.jar;E:\repository\org\hamcrest\hamcrest-library\1.3\hamcrest-library-1.3.jar;E:\repository\org\skyscreamer\jsonassert\1.4.0\jsonassert-1.4.0.jar;E:\repository\com\vaadin\external\google\android-json\0.0.20131108.vaadin1\android-json-0.0.20131108.vaadin1.jar;E:\repository\org\springframework\spring-core\4.3.13.RELEASE\spring-core-4.3.13.RELEASE.jar;E:\repository\org\springframework\spring-test\4.3.13.RELEASE\spring-test-4.3.13.RELEASE.jar;E:\repository\org\springframework\ws\spring-ws-core\2.4.2.RELEASE\spring-ws-core-2.4.2.RELEASE.jar;E:\repository\org\springframework\ws\spring-xml\2.4.2.RELEASE\spring-xml-2.4.2.RELEASE.jar;E:\repository\org\springframework\spring-aop\4.3.13.RELEASE\spring-aop-4.3.13.RELEASE.jar;E:\repository\org\springframework\spring-beans\4.3.13.RELEASE\spring-beans-4.3.13.RELEASE.jar;E:\repository\org\springframework\spring-oxm\4.3.13.RELEASE\spring-oxm-4.3.13.RELEASE.jar;E:\repository\com\google\zxing\javase\3.2.0\javase-3.2.0.jar;E:\repository\com\google\zxing\core\3.2.0\core-3.2.0.jar;E:\repository\commons-codec\commons-codec\1.10\commons-codec-1.10.jar;E:\repository\org\apache\commons\commons-lang3\3.7\commons-lang3-3.7.jar;E:\repository\com\squareup\okhttp3\okhttp\3.10.0\okhttp-3.10.0.jar;E:\repository\com\squareup\okio\okio\1.14.0\okio-1.14.0.jar;E:\repository\org\projectlombok\lombok\1.16.18\lombok-1.16.18.jar;E:\repository\net\sourceforge\htmlunit\htmlunit\2.30\htmlunit-2.30.jar;E:\repository\xalan\xalan\2.7.2\xalan-2.7.2.jar;E:\repository\xalan\serializer\2.7.2\serializer-2.7.2.jar;E:\repository\org\apache\commons\commons-text\1.3\commons-text-1.3.jar;E:\repository\org\apache\httpcomponents\httpmime\4.5.3\httpmime-4.5.3.jar;E:\repository\net\sourceforge\htmlunit\htmlunit-core-js\2.28\htmlunit-core-js-2.28.jar;E:\repository\net\sourceforge\htmlunit\neko-htmlunit\2.30\neko-htmlunit-2.30.jar;E:\repository\xerces\xercesImpl\2.11.0\xercesImpl-2.11.0.jar;E:\repository\xml-apis\xml-apis\1.4.01\xml-apis-1.4.01.jar;E:\repository\net\sourceforge\htmlunit\htmlunit-cssparser\1.0.0\htmlunit-cssparser-1.0.0.jar;E:\repository\commons-io\commons-io\2.6\commons-io-2.6.jar;E:\repository\commons-net\commons-net\3.6\commons-net-3.6.jar;E:\repository\org\eclipse\jetty\websocket\websocket-client\9.4.7.v20170914\websocket-client-9.4.7.v20170914.jar;E:\repository\org\eclipse\jetty\jetty-client\9.4.7.v20170914\jetty-client-9.4.7.v20170914.jar;E:\repository\org\eclipse\jetty\jetty-http\9.4.7.v20170914\jetty-http-9.4.7.v20170914.jar;E:\repository\org\eclipse\jetty\jetty-xml\9.4.7.v20170914\jetty-xml-9.4.7.v20170914.jar;E:\repository\org\eclipse\jetty\jetty-util\9.4.7.v20170914\jetty-util-9.4.7.v20170914.jar;E:\repository\org\eclipse\jetty\jetty-io\9.4.7.v20170914\jetty-io-9.4.7.v20170914.jar;E:\repository\org\eclipse\jetty\websocket\websocket-common\9.4.7.v20170914\websocket-common-9.4.7.v20170914.jar;E:\repository\org\eclipse\jetty\websocket\websocket-api\9.4.7.v20170914\websocket-api-9.4.7.v20170914.jar;E:\repository\org\apache\httpcomponents\httpclient\4.5.5\httpclient-4.5.5.jar;E:\repository\org\apache\httpcomponents\httpcore\4.4.8\httpcore-4.4.8.jar;E:\repository\org\springframework\boot\spring-boot-starter-freemarker\1.5.9.RELEASE\spring-boot-starter-freemarker-1.5.9.RELEASE.jar;E:\repository\org\freemarker\freemarker\2.3.27-incubating\freemarker-2.3.27-incubating.jar;E:\repository\org\springframework\spring-context-support\4.3.13.RELEASE\spring-context-support-4.3.13.RELEASE.jar;E:\repository\org\seleniumhq\selenium\selenium-firefox-driver\2.53.1\selenium-firefox-driver-2.53.1.jar;E:\repository\org\seleniumhq\selenium\selenium-remote-driver\2.53.1\selenium-remote-driver-2.53.1.jar;E:\repository\cglib\cglib-nodep\2.1_3\cglib-nodep-2.1_3.jar;E:\repository\org\seleniumhq\selenium\selenium-api\2.53.1\selenium-api-2.53.1.jar;E:\repository\com\google\guava\guava\19.0\guava-19.0.jar;E:\repository\net\java\dev\jna\jna\4.2.2\jna-4.2.2.jar;E:\repository\net\java\dev\jna\jna-platform\4.2.2\jna-platform-4.2.2.jar;E:\repository\org\apache\commons\commons-exec\1.3\commons-exec-1.3.jar;E:\repository\junit\junit\4.12\junit-4.12.jar;E:\repository\org\ow2\asm\asm\6.2\asm-6.2.jar;E:\repository\io\netty\netty-transport\4.1.24.Final\netty-transport-4.1.24.Final.jar;E:\repository\io\netty\netty-buffer\4.1.24.Final\netty-buffer-4.1.24.Final.jar;E:\repository\io\netty\netty-common\4.1.24.Final\netty-common-4.1.24.Final.jar;E:\repository\io\netty\netty-resolver\4.1.24.Final\netty-resolver-4.1.24.Final.jar;E:\repository\io\netty\netty-all\4.1.24.Final\netty-all-4.1.24.Final.jar;E:\repository\io\netty\netty-codec-http\4.1.24.Final\netty-codec-http-4.1.24.Final.jar;E:\repository\io\netty\netty-codec\4.1.24.Final\netty-codec-4.1.24.Final.jar;E:\repository\com\creditcloud\common\Common\1.0-SNAPSHOT\Common-1.0-SNAPSHOT.jar;E:\repository\com\creditcloud\logging\Logging\1.0.0\Logging-1.0.0.jar;E:\repository\log4j\log4j\1.2.17\log4j-1.2.17.jar;E:\repository\org\slf4j\slf4j-log4j12\1.7.25\slf4j-log4j12-1.7.25.jar;E:\repository\nl\captcha\SimpleCaptcha\1.3.0\SimpleCaptcha-1.3.0.jar;E:\repository\com\jhlabs\filters\1.0\filters-1.0.jar;E:\repository\com\google\code\gson\gson\2.8.2\gson-2.8.2.jar;E:\repository\commons-beanutils\commons-beanutils\1.9.3\commons-beanutils-1.9.3.jar;E:\repository\commons-collections\commons-collections\3.2.2\commons-collections-3.2.2.jar;E:\repository\com\itextpdf\itextpdf\5.4.4\itextpdf-5.4.4.jar;E:\repository\com\itextpdf\itext-asian\5.2.0\itext-asian-5.2.0.jar;E:\repository\com\creditcloud\model\Model\1.0-SNAPSHOT\Model-1.0-SNAPSHOT.jar;E:\repository\joda-time\joda-time\2.9.9\joda-time-2.9.9.jar;E:\repository\javax\javaee-api\7.0\javaee-api-7.0.jar;E:\repository\com\efushui\certificate-authority-model\0.0.1-SNAPSHOT\certificate-authority-model-0.0.1-SNAPSHOT.jar;E:\repository\com\efushui\file-store\1.0-SNAPSHOT\file-store-1.0-SNAPSHOT.jar;E:\repository\com\efushui\microservice\microservice-common\1.0-SNAPSHOT\microservice-common-1.0-SNAPSHOT.jar;E:\repository\com\squareup\retrofit2\converter-gson\2.4.0\converter-gson-2.4.0.jar;E:\repository\com\squareup\retrofit2\retrofit\2.4.0\retrofit-2.4.0.jar;E:\repository\com\squareup\okhttp3\logging-interceptor\3.10.0\logging-interceptor-3.10.0.jar;E:\repository\com\efushui\microservice\microservice-model\1.0-SNAPSHOT\microservice-model-1.0-SNAPSHOT.jar;E:\repository\cglib\cglib\3.2.6\cglib-3.2.6.jar;E:\repository\org\apache\ant\ant\1.9.6\ant-1.9.6.jar;E:\repository\org\apache\ant\ant-launcher\1.9.6\ant-launcher-1.9.6.jar;E:\repository\commons-lang\commons-lang\2.6\commons-lang-2.6.jar;E:\repository\net\minidev\asm\1.0.2\asm-1.0.2.jar;E:\repository\asm\asm\3.3.1\asm-3.3.1.jar;E:\repository\concurrent\concurrent\1.3.4\concurrent-1.3.4.jar;E:\repository\com\alibaba\rocketmq\rocketmq-client\3.2.6\rocketmq-client-3.2.6.jar;E:\repository\com\alibaba\rocketmq\rocketmq-common\3.2.6\rocketmq-common-3.2.6.jar;E:\repository\com\alibaba\rocketmq\rocketmq-remoting\3.2.6\rocketmq-remoting-3.2.6.jar;E:\repository\com\alibaba\fastjson\1.2.3\fastjson-1.2.3.jar;E:\repository\redis\clients\jedis\2.9.0\jedis-2.9.0.jar;E:\repository\org\apache\commons\commons-pool2\2.4.3\commons-pool2-2.4.3.jar;, java.specification.name=Java Platform API Specification, java.class.version=52.0, sun.management.compiler=HotSpot 64-Bit Tiered Compilers, os.version=10.0, user.home=C:\Users\MRB, user.timezone=Asia/Shanghai, java.awt.printerjob=sun.awt.windows.WPrinterJob, file.encoding=GBK, java.specification.version=1.8, java.class.path=F:\github\unit_test\target\test-classes;F:\github\unit_test\target\classes;E:\repository\org\springframework\boot\spring-boot-starter-data-jpa\1.5.9.RELEASE\spring-boot-starter-data-jpa-1.5.9.RELEASE.jar;E:\repository\org\springframework\boot\spring-boot-starter\1.5.9.RELEASE\spring-boot-starter-1.5.9.RELEASE.jar;E:\repository\org\springframework\boot\spring-boot\1.5.9.RELEASE\spring-boot-1.5.9.RELEASE.jar;E:\repository\org\springframework\boot\spring-boot-autoconfigure\1.5.9.RELEASE\spring-boot-autoconfigure-1.5.9.RELEASE.jar;E:\repository\org\springframework\boot\spring-boot-starter-logging\1.5.9.RELEASE\spring-boot-starter-logging-1.5.9.RELEASE.jar;E:\repository\ch\qos\logback\logback-classic\1.1.11\logback-classic-1.1.11.jar;E:\repository\ch\qos\logback\logback-core\1.1.11\logback-core-1.1.11.jar;E:\repository\org\slf4j\jul-to-slf4j\1.7.25\jul-to-slf4j-1.7.25.jar;E:\repository\org\slf4j\log4j-over-slf4j\1.7.25\log4j-over-slf4j-1.7.25.jar;E:\repository\org\yaml\snakeyaml\1.17\snakeyaml-1.17.jar;E:\repository\org\springframework\boot\spring-boot-starter-aop\1.5.9.RELEASE\spring-boot-starter-aop-1.5.9.RELEASE.jar;E:\repository\org\aspectj\aspectjweaver\1.8.13\aspectjweaver-1.8.13.jar;E:\repository\org\springframework\boot\spring-boot-starter-jdbc\1.5.9.RELEASE\spring-boot-starter-jdbc-1.5.9.RELEASE.jar;E:\repository\org\apache\tomcat\tomcat-jdbc\8.5.23\tomcat-jdbc-8.5.23.jar;E:\repository\org\apache\tomcat\tomcat-juli\8.5.23\tomcat-juli-8.5.23.jar;E:\repository\org\springframework\spring-jdbc\4.3.13.RELEASE\spring-jdbc-4.3.13.RELEASE.jar;E:\repository\org\hibernate\hibernate-core\5.0.12.Final\hibernate-core-5.0.12.Final.jar;E:\repository\org\jboss\logging\jboss-logging\3.3.1.Final\jboss-logging-3.3.1.Final.jar;E:\repository\org\hibernate\javax\persistence\hibernate-jpa-2.1-api\1.0.0.Final\hibernate-jpa-2.1-api-1.0.0.Final.jar;E:\repository\org\javassist\javassist\3.21.0-GA\javassist-3.21.0-GA.jar;E:\repository\antlr\antlr\2.7.7\antlr-2.7.7.jar;E:\repository\org\jboss\jandex\2.0.0.Final\jandex-2.0.0.Final.jar;E:\repository\dom4j\dom4j\1.6.1\dom4j-1.6.1.jar;E:\repository\org\hibernate\common\hibernate-commons-annotations\5.0.1.Final\hibernate-commons-annotations-5.0.1.Final.jar;E:\repository\org\hibernate\hibernate-entitymanager\5.0.12.Final\hibernate-entitymanager-5.0.12.Final.jar;E:\repository\javax\transaction\javax.transaction-api\1.2\javax.transaction-api-1.2.jar;E:\repository\org\springframework\data\spring-data-jpa\1.11.9.RELEASE\spring-data-jpa-1.11.9.RELEASE.jar;E:\repository\org\springframework\data\spring-data-commons\1.13.9.RELEASE\spring-data-commons-1.13.9.RELEASE.jar;E:\repository\org\springframework\spring-orm\4.3.13.RELEASE\spring-orm-4.3.13.RELEASE.jar;E:\repository\org\springframework\spring-context\4.3.13.RELEASE\spring-context-4.3.13.RELEASE.jar;E:\repository\org\springframework\spring-tx\4.3.13.RELEASE\spring-tx-4.3.13.RELEASE.jar;E:\repository\org\slf4j\slf4j-api\1.7.25\slf4j-api-1.7.25.jar;E:\repository\org\slf4j\jcl-over-slf4j\1.7.25\jcl-over-slf4j-1.7.25.jar;E:\repository\org\springframework\spring-aspects\4.3.13.RELEASE\spring-aspects-4.3.13.RELEASE.jar;E:\repository\org\springframework\boot\spring-boot-starter-web\1.5.9.RELEASE\spring-boot-starter-web-1.5.9.RELEASE.jar;E:\repository\org\springframework\boot\spring-boot-starter-tomcat\1.5.9.RELEASE\spring-boot-starter-tomcat-1.5.9.RELEASE.jar;E:\repository\org\apache\tomcat\embed\tomcat-embed-core\8.5.23\tomcat-embed-core-8.5.23.jar;E:\repository\org\apache\tomcat\tomcat-annotations-api\8.5.23\tomcat-annotations-api-8.5.23.jar;E:\repository\org\apache\tomcat\embed\tomcat-embed-el\8.5.23\tomcat-embed-el-8.5.23.jar;E:\repository\org\apache\tomcat\embed\tomcat-embed-websocket\8.5.23\tomcat-embed-websocket-8.5.23.jar;E:\repository\org\hibernate\hibernate-validator\5.3.6.Final\hibernate-validator-5.3.6.Final.jar;E:\repository\javax\validation\validation-api\1.1.0.Final\validation-api-1.1.0.Final.jar;E:\repository\com\fasterxml\classmate\1.3.4\classmate-1.3.4.jar;E:\repository\com\fasterxml\jackson\core\jackson-databind\2.8.10\jackson-databind-2.8.10.jar;E:\repository\com\fasterxml\jackson\core\jackson-annotations\2.8.0\jackson-annotations-2.8.0.jar;E:\repository\com\fasterxml\jackson\core\jackson-core\2.8.10\jackson-core-2.8.10.jar;E:\repository\org\springframework\spring-web\4.3.13.RELEASE\spring-web-4.3.13.RELEASE.jar;E:\repository\org\springframework\spring-webmvc\4.3.13.RELEASE\spring-webmvc-4.3.13.RELEASE.jar;E:\repository\org\springframework\spring-expression\4.3.13.RELEASE\spring-expression-4.3.13.RELEASE.jar;E:\repository\mysql\mysql-connector-java\5.1.44\mysql-connector-java-5.1.44.jar;E:\repository\org\springframework\boot\spring-boot-starter-test\1.5.9.RELEASE\spring-boot-starter-test-1.5.9.RELEASE.jar;E:\repository\org\springframework\boot\spring-boot-test\1.5.9.RELEASE\spring-boot-test-1.5.9.RELEASE.jar;E:\repository\org\springframework\boot\spring-boot-test-autoconfigure\1.5.9.RELEASE\spring-boot-test-autoconfigure-1.5.9.RELEASE.jar;E:\repository\com\jayway\jsonpath\json-path\2.2.0\json-path-2.2.0.jar;E:\repository\net\minidev\json-smart\2.2.1\json-smart-2.2.1.jar;E:\repository\org\assertj\assertj-core\2.6.0\assertj-core-2.6.0.jar;E:\repository\org\mockito\mockito-core\1.10.19\mockito-core-1.10.19.jar;E:\repository\org\objenesis\objenesis\2.1\objenesis-2.1.jar;E:\repository\org\hamcrest\hamcrest-core\1.3\hamcrest-core-1.3.jar;E:\repository\org\hamcrest\hamcrest-library\1.3\hamcrest-library-1.3.jar;E:\repository\org\skyscreamer\jsonassert\1.4.0\jsonassert-1.4.0.jar;E:\repository\com\vaadin\external\google\android-json\0.0.20131108.vaadin1\android-json-0.0.20131108.vaadin1.jar;E:\repository\org\springframework\spring-core\4.3.13.RELEASE\spring-core-4.3.13.RELEASE.jar;E:\repository\org\springframework\spring-test\4.3.13.RELEASE\spring-test-4.3.13.RELEASE.jar;E:\repository\org\springframework\ws\spring-ws-core\2.4.2.RELEASE\spring-ws-core-2.4.2.RELEASE.jar;E:\repository\org\springframework\ws\spring-xml\2.4.2.RELEASE\spring-xml-2.4.2.RELEASE.jar;E:\repository\org\springframework\spring-aop\4.3.13.RELEASE\spring-aop-4.3.13.RELEASE.jar;E:\repository\org\springframework\spring-beans\4.3.13.RELEASE\spring-beans-4.3.13.RELEASE.jar;E:\repository\org\springframework\spring-oxm\4.3.13.RELEASE\spring-oxm-4.3.13.RELEASE.jar;E:\repository\com\google\zxing\javase\3.2.0\javase-3.2.0.jar;E:\repository\com\google\zxing\core\3.2.0\core-3.2.0.jar;E:\repository\commons-codec\commons-codec\1.10\commons-codec-1.10.jar;E:\repository\org\apache\commons\commons-lang3\3.7\commons-lang3-3.7.jar;E:\repository\com\squareup\okhttp3\okhttp\3.10.0\okhttp-3.10.0.jar;E:\repository\com\squareup\okio\okio\1.14.0\okio-1.14.0.jar;E:\repository\org\projectlombok\lombok\1.16.18\lombok-1.16.18.jar;E:\repository\net\sourceforge\htmlunit\htmlunit\2.30\htmlunit-2.30.jar;E:\repository\xalan\xalan\2.7.2\xalan-2.7.2.jar;E:\repository\xalan\serializer\2.7.2\serializer-2.7.2.jar;E:\repository\org\apache\commons\commons-text\1.3\commons-text-1.3.jar;E:\repository\org\apache\httpcomponents\httpmime\4.5.3\httpmime-4.5.3.jar;E:\repository\net\sourceforge\htmlunit\htmlunit-core-js\2.28\htmlunit-core-js-2.28.jar;E:\repository\net\sourceforge\htmlunit\neko-htmlunit\2.30\neko-htmlunit-2.30.jar;E:\repository\xerces\xercesImpl\2.11.0\xercesImpl-2.11.0.jar;E:\repository\xml-apis\xml-apis\1.4.01\xml-apis-1.4.01.jar;E:\repository\net\sourceforge\htmlunit\htmlunit-cssparser\1.0.0\htmlunit-cssparser-1.0.0.jar;E:\repository\commons-io\commons-io\2.6\commons-io-2.6.jar;E:\repository\commons-net\commons-net\3.6\commons-net-3.6.jar;E:\repository\org\eclipse\jetty\websocket\websocket-client\9.4.7.v20170914\websocket-client-9.4.7.v20170914.jar;E:\repository\org\eclipse\jetty\jetty-client\9.4.7.v20170914\jetty-client-9.4.7.v20170914.jar;E:\repository\org\eclipse\jetty\jetty-http\9.4.7.v20170914\jetty-http-9.4.7.v20170914.jar;E:\repository\org\eclipse\jetty\jetty-xml\9.4.7.v20170914\jetty-xml-9.4.7.v20170914.jar;E:\repository\org\eclipse\jetty\jetty-util\9.4.7.v20170914\jetty-util-9.4.7.v20170914.jar;E:\repository\org\eclipse\jetty\jetty-io\9.4.7.v20170914\jetty-io-9.4.7.v20170914.jar;E:\repository\org\eclipse\jetty\websocket\websocket-common\9.4.7.v20170914\websocket-common-9.4.7.v20170914.jar;E:\repository\org\eclipse\jetty\websocket\websocket-api\9.4.7.v20170914\websocket-api-9.4.7.v20170914.jar;E:\repository\org\apache\httpcomponents\httpclient\4.5.5\httpclient-4.5.5.jar;E:\repository\org\apache\httpcomponents\httpcore\4.4.8\httpcore-4.4.8.jar;E:\repository\org\springframework\boot\spring-boot-starter-freemarker\1.5.9.RELEASE\spring-boot-starter-freemarker-1.5.9.RELEASE.jar;E:\repository\org\freemarker\freemarker\2.3.27-incubating\freemarker-2.3.27-incubating.jar;E:\repository\org\springframework\spring-context-support\4.3.13.RELEASE\spring-context-support-4.3.13.RELEASE.jar;E:\repository\org\seleniumhq\selenium\selenium-firefox-driver\2.53.1\selenium-firefox-driver-2.53.1.jar;E:\repository\org\seleniumhq\selenium\selenium-remote-driver\2.53.1\selenium-remote-driver-2.53.1.jar;E:\repository\cglib\cglib-nodep\2.1_3\cglib-nodep-2.1_3.jar;E:\repository\org\seleniumhq\selenium\selenium-api\2.53.1\selenium-api-2.53.1.jar;E:\repository\com\google\guava\guava\19.0\guava-19.0.jar;E:\repository\net\java\dev\jna\jna\4.2.2\jna-4.2.2.jar;E:\repository\net\java\dev\jna\jna-platform\4.2.2\jna-platform-4.2.2.jar;E:\repository\org\apache\commons\commons-exec\1.3\commons-exec-1.3.jar;E:\repository\junit\junit\4.12\junit-4.12.jar;E:\repository\org\ow2\asm\asm\6.2\asm-6.2.jar;E:\repository\io\netty\netty-transport\4.1.24.Final\netty-transport-4.1.24.Final.jar;E:\repository\io\netty\netty-buffer\4.1.24.Final\netty-buffer-4.1.24.Final.jar;E:\repository\io\netty\netty-common\4.1.24.Final\netty-common-4.1.24.Final.jar;E:\repository\io\netty\netty-resolver\4.1.24.Final\netty-resolver-4.1.24.Final.jar;E:\repository\io\netty\netty-all\4.1.24.Final\netty-all-4.1.24.Final.jar;E:\repository\io\netty\netty-codec-http\4.1.24.Final\netty-codec-http-4.1.24.Final.jar;E:\repository\io\netty\netty-codec\4.1.24.Final\netty-codec-4.1.24.Final.jar;E:\repository\com\creditcloud\common\Common\1.0-SNAPSHOT\Common-1.0-SNAPSHOT.jar;E:\repository\com\creditcloud\logging\Logging\1.0.0\Logging-1.0.0.jar;E:\repository\log4j\log4j\1.2.17\log4j-1.2.17.jar;E:\repository\org\slf4j\slf4j-log4j12\1.7.25\slf4j-log4j12-1.7.25.jar;E:\repository\nl\captcha\SimpleCaptcha\1.3.0\SimpleCaptcha-1.3.0.jar;E:\repository\com\jhlabs\filters\1.0\filters-1.0.jar;E:\repository\com\google\code\gson\gson\2.8.2\gson-2.8.2.jar;E:\repository\commons-beanutils\commons-beanutils\1.9.3\commons-beanutils-1.9.3.jar;E:\repository\commons-collections\commons-collections\3.2.2\commons-collections-3.2.2.jar;E:\repository\com\itextpdf\itextpdf\5.4.4\itextpdf-5.4.4.jar;E:\repository\com\itextpdf\itext-asian\5.2.0\itext-asian-5.2.0.jar;E:\repository\com\creditcloud\model\Model\1.0-SNAPSHOT\Model-1.0-SNAPSHOT.jar;E:\repository\joda-time\joda-time\2.9.9\joda-time-2.9.9.jar;E:\repository\javax\javaee-api\7.0\javaee-api-7.0.jar;E:\repository\com\efushui\certificate-authority-model\0.0.1-SNAPSHOT\certificate-authority-model-0.0.1-SNAPSHOT.jar;E:\repository\com\efushui\file-store\1.0-SNAPSHOT\file-store-1.0-SNAPSHOT.jar;E:\repository\com\efushui\microservice\microservice-common\1.0-SNAPSHOT\microservice-common-1.0-SNAPSHOT.jar;E:\repository\com\squareup\retrofit2\converter-gson\2.4.0\converter-gson-2.4.0.jar;E:\repository\com\squareup\retrofit2\retrofit\2.4.0\retrofit-2.4.0.jar;E:\repository\com\squareup\okhttp3\logging-interceptor\3.10.0\logging-interceptor-3.10.0.jar;E:\repository\com\efushui\microservice\microservice-model\1.0-SNAPSHOT\microservice-model-1.0-SNAPSHOT.jar;E:\repository\cglib\cglib\3.2.6\cglib-3.2.6.jar;E:\repository\org\apache\ant\ant\1.9.6\ant-1.9.6.jar;E:\repository\org\apache\ant\ant-launcher\1.9.6\ant-launcher-1.9.6.jar;E:\repository\commons-lang\commons-lang\2.6\commons-lang-2.6.jar;E:\repository\net\minidev\asm\1.0.2\asm-1.0.2.jar;E:\repository\asm\asm\3.3.1\asm-3.3.1.jar;E:\repository\concurrent\concurrent\1.3.4\concurrent-1.3.4.jar;E:\repository\com\alibaba\rocketmq\rocketmq-client\3.2.6\rocketmq-client-3.2.6.jar;E:\repository\com\alibaba\rocketmq\rocketmq-common\3.2.6\rocketmq-common-3.2.6.jar;E:\repository\com\alibaba\rocketmq\rocketmq-remoting\3.2.6\rocketmq-remoting-3.2.6.jar;E:\repository\com\alibaba\fastjson\1.2.3\fastjson-1.2.3.jar;E:\repository\redis\clients\jedis\2.9.0\jedis-2.9.0.jar;E:\repository\org\apache\commons\commons-pool2\2.4.3\commons-pool2-2.4.3.jar;, user.name=MRB, java.vm.specification.version=1.8, sun.java.command=F:\github\unit_test\target\surefire\surefirebooter5781556419211982734.jar F:\github\unit_test\target\surefire\surefire1246161100729630412tmp F:\github\unit_test\target\surefire\surefire_07164535914981247302tmp, java.home=C:\Program Files\Java\j
[...]
r;E:\repository\nl\captcha\SimpleCaptcha\1.3.0\SimpleCaptcha-1.3.0.jar;E:\repository\com\jhlabs\filters\1.0\filters-1.0.jar;E:\repository\com\google\code\gson\gson\2.8.2\gson-2.8.2.jar;E:\repository\commons-beanutils\commons-beanutils\1.9.3\commons-beanutils-1.9.3.jar;E:\repository\commons-collections\commons-collections\3.2.2\commons-collections-3.2.2.jar;E:\repository\com\itextpdf\itextpdf\5.4.4\itextpdf-5.4.4.jar;E:\repository\com\itextpdf\itext-asian\5.2.0\itext-asian-5.2.0.jar;E:\repository\com\creditcloud\model\Model\1.0-SNAPSHOT\Model-1.0-SNAPSHOT.jar;E:\repository\joda-time\joda-time\2.9.9\joda-time-2.9.9.jar;E:\repository\javax\javaee-api\7.0\javaee-api-7.0.jar;E:\repository\com\efushui\certificate-authority-model\0.0.1-SNAPSHOT\certificate-authority-model-0.0.1-SNAPSHOT.jar;E:\repository\com\efushui\file-store\1.0-SNAPSHOT\file-store-1.0-SNAPSHOT.jar;E:\repository\com\efushui\microservice\microservice-common\1.0-SNAPSHOT\microservice-common-1.0-SNAPSHOT.jar;E:\repository\com\squareup\retrofit2\converter-gson\2.4.0\converter-gson-2.4.0.jar;E:\repository\com\squareup\retrofit2\retrofit\2.4.0\retrofit-2.4.0.jar;E:\repository\com\squareup\okhttp3\logging-interceptor\3.10.0\logging-interceptor-3.10.0.jar;E:\repository\com\efushui\microservice\microservice-model\1.0-SNAPSHOT\microservice-model-1.0-SNAPSHOT.jar;E:\repository\cglib\cglib\3.2.6\cglib-3.2.6.jar;E:\repository\org\apache\ant\ant\1.9.6\ant-1.9.6.jar;E:\repository\org\apache\ant\ant-launcher\1.9.6\ant-launcher-1.9.6.jar;E:\repository\commons-lang\commons-lang\2.6\commons-lang-2.6.jar;E:\repository\net\minidev\asm\1.0.2\asm-1.0.2.jar;E:\repository\asm\asm\3.3.1\asm-3.3.1.jar;E:\repository\concurrent\concurrent\1.3.4\concurrent-1.3.4.jar;E:\repository\com\alibaba\rocketmq\rocketmq-client\3.2.6\rocketmq-client-3.2.6.jar;E:\repository\com\alibaba\rocketmq\rocketmq-common\3.2.6\rocketmq-common-3.2.6.jar;E:\repository\com\alibaba\rocketmq\rocketmq-remoting\3.2.6\rocketmq-remoting-3.2.6.jar;E:\repository\com\alibaba\fastjson\1.2.3\fastjson-1.2.3.jar;E:\repository\redis\clients\jedis\2.9.0\jedis-2.9.0.jar;E:\repository\org\apache\commons\commons-pool2\2.4.3\commons-pool2-2.4.3.jar;, user.name=MRB, java.vm.specification.version=1.8, sun.java.command=F:\github\unit_test\target\surefire\surefirebooter5781556419211982734.jar F:\github\unit_test\target\surefire\surefire1246161100729630412tmp F:\github\unit_test\target\surefire\surefire_07164535914981247302tmp, java.home=C:\Program Files\Java\jdk1.8.0_131\jre, sun.arch.data.model=64, user.language=zh, java.specification.vendor=Oracle Corporation, awt.toolkit=sun.awt.windows.WToolkit, java.vm.info=mixed mode, java.version=1.8.0_131, java.ext.dirs=C:\Program Files\Java\jdk1.8.0_131\jre\lib\ext;C:\WINDOWS\Sun\Java\lib\ext, sun.boot.class.path=C:\Program Files\Java\jdk1.8.0_131\jre\lib\resources.jar;C:\Program Files\Java\jdk1.8.0_131\jre\lib\rt.jar;C:\Program Files\Java\jdk1.8.0_131\jre\lib\sunrsasign.jar;C:\Program Files\Java\jdk1.8.0_131\jre\lib\jsse.jar;C:\Program Files\Java\jdk1.8.0_131\jre\lib\jce.jar;C:\Program Files\Java\jdk1.8.0_131\jre\lib\charsets.jar;C:\Program Files\Java\jdk1.8.0_131\jre\lib\jfr.jar;C:\Program Files\Java\jdk1.8.0_131\jre\classes, java.vendor=Oracle Corporation, localRepository=E:\repository, file.separator=\, java.vendor.url.bug=http://bugreport.sun.com/bugreport/, sun.io.unicode.encoding=UnicodeLittle, sun.cpu.endian=little, sun.desktop=windows, sun.cpu.isalist=amd64}}, SystemEnvironmentPropertySource@1423561005 {name='systemEnvironment', properties={PATH=C:/Program Files/Java/jre1.8.0_131/bin/server;C:/Program Files/Java/jre1.8.0_131/bin;C:/Program Files/Java/jre1.8.0_131/lib/amd64;C:\ProgramData\Oracle\Java\javapath;C:\Program Files\Java\jdk1.8.0_131/bin;E:\apache-maven-3.5.0/bin;C:\Program Files (x86)\Intel\iCLS Client\;C:\Program Files\Intel\iCLS Client\;C:\Windows\system32;C:\Windows;C:\Windows\System32\Wbem;C:\Windows\System32\WindowsPowerShell\v1.0\;C:\Program Files (x86)\NVIDIA Corporation\PhysX\Common;C:\Program Files (x86)\Intel\Intel(R) Management Engine Components\DAL;C:\Program Files\Intel\Intel(R) Management Engine Components\DAL;C:\Program Files (x86)\Intel\Intel(R) Management Engine Components\IPT;C:\Program Files\Intel\Intel(R) Management Engine Components\IPT;C:\Program Files\TortoiseSVN\bin;C:\WINDOWS\system32;C:\WINDOWS;C:\WINDOWS\System32\Wbem;C:\WINDOWS\System32\WindowsPowerShell\v1.0\;E:\zookeeper\zookeeper-3.4.11\bin;E:\zookeeper\zookeeper-3.4.11\conf;E:\apache-tomcat-7.0.79\bin;E:\apache-tomcat-7.0.79\lib;E:\glassfish4\glassfish\bin;E:\glassfish4\glassfish\lib;C:\Program Files\nodejs\;C:\Program Files\MySQL\MySQL Utilities 1.6\;C:\Program Files\Git\cmd;C:\Program Files\erl9.3\bin;C:\WINDOWS\System32\OpenSSH\;G:\softface\rabbitMQ\rabbitmq_server-3.7.5\sbin;C:\Program Files\MySQL\MySQL Server 5.7\bin;E:\hadoop-2.7.6\bin;C:\Users\MRB\AppData\Local\Microsoft\WindowsApps;C:\Users\MRB\AppData\Roaming\npm;%USERPROFILE%\AppData\Local\Microsoft\WindowsApps;;E:\eclipse;, USERDOMAIN_ROAMINGPROFILE=DESKTOP-9EQJ4QP, PROCESSOR_LEVEL=6, SYSTEMDRIVE=C:, SESSIONNAME=Console, ALLUSERSPROFILE=C:\ProgramData, PROCESSOR_ARCHITECTURE=AMD64, DRIVERDATA=C:\Windows\System32\Drivers\DriverData, MAVEN_HOME=E:\apache-maven-3.5.0, PROGRAMFILES=C:\Program Files, PSMODULEPATH=C:\Program Files\WindowsPowerShell\Modules;C:\WINDOWS\system32\WindowsPowerShell\v1.0\Modules, PROGRAMDATA=C:\ProgramData, USERNAME=MRB, FPS_BROWSER_USER_PROFILE_STRING=Default, ONEDRIVE=C:\Users\MRB\OneDrive, PATHEXT=.COM;.EXE;.BAT;.CMD;.VBS;.VBE;.JS;.JSE;.WSF;.WSH;.MSC, WINDIR=C:\WINDOWS, =F:=F:\github\unit_test, HOMEPATH=\Users\MRB, PROCESSOR_IDENTIFIER=Intel64 Family 6 Model 142 Stepping 9, GenuineIntel, HADOOP_HOME=E:\hadoop-2.7.6, PUBLIC=C:\Users\Public, =::=::\, ZOOKEEPER_HOME=E:\zookeeper\zookeeper-3.4.11, LOCALAPPDATA=C:\Users\MRB\AppData\Local, COMMONPROGRAMFILES(X86)=C:\Program Files (x86)\Common Files, USERDOMAIN=DESKTOP-9EQJ4QP, FPS_BROWSER_APP_PROFILE_STRING=Internet Explorer, LOGONSERVER=\\DESKTOP-9EQJ4QP, JAVA_HOME=C:\Program Files\Java\jdk1.8.0_131, PROMPT=$P$G, PROGRAMFILES(X86)=C:\Program Files (x86), GLASSFISH_HOME=E:\glassfish4\glassfish, ERLANG_HOME=C:\Program Files\erl9.3, =C:=C:\, APPDATA=C:\Users\MRB\AppData\Roaming, PROGRAMW6432=C:\Program Files, SYSTEMROOT=C:\WINDOWS, OS=Windows_NT, COMMONPROGRAMW6432=C:\Program Files\Common Files, COMPUTERNAME=DESKTOP-9EQJ4QP, COMMONPROGRAMFILES=C:\Program Files\Common Files, COMSPEC=C:\WINDOWS\system32\cmd.exe, CATALINA_HOME=E:\apache-tomcat-7.0.79, PROCESSOR_REVISION=8e09, TEMP=C:\Users\MRB\AppData\Local\Temp, HOMEDRIVE=C:, USERPROFILE=C:\Users\MRB, TMP=C:\Users\MRB\AppData\Local\Temp, NUMBER_OF_PROCESSORS=4}}]
21:04:06.318 [main] DEBUG org.springframework.core.env.MutablePropertySources - Adding PropertySource 'inline' with highest search precedence
21:04:06.325 [main] DEBUG org.springframework.test.context.support.TestPropertySourceUtils - Adding inlined properties to environment: {spring.jmx.enabled=false, org.springframework.boot.test.context.SpringBootTestContextBootstrapper=true, server.port=-1}
21:04:06.326 [main] DEBUG org.springframework.core.env.StandardEnvironment - Adding PropertySource 'Inlined Test Properties' with highest search precedence

  .   ____          _            __ _ _
 /\\ / ___'_ __ _ _(_)_ __  __ _ \ \ \ \
( ( )\___ | '_ | '_| | '_ \/ _` | \ \ \ \
 \\/  ___)| |_)| | | | | || (_| |  ) ) ) )
  '  |____| .__|_| |_|_| |_\__, | / / / /
 =========|_|==============|___/=/_/_/_/
 :: Spring Boot ::        (v1.5.9.RELEASE)

2018-08-03 21:04:07.081  INFO 13992 --- [           main] com.creditcloud.jpa.unit_test.LoanTest   : Starting LoanTest on DESKTOP-9EQJ4QP with PID 13992 (started by MRB in F:\github\unit_test)
2018-08-03 21:04:07.101  INFO 13992 --- [           main] com.creditcloud.jpa.unit_test.LoanTest   : The following profiles are active: dev
2018-08-03 21:04:07.218  INFO 13992 --- [           main] o.s.w.c.s.GenericWebApplicationContext   : Refreshing org.springframework.web.context.support.GenericWebApplicationContext@7ce026d3: startup date [Fri Aug 03 21:04:07 CST 2018]; root of context hierarchy
2018-08-03 21:04:10.107  INFO 13992 --- [           main] f.a.AutowiredAnnotationBeanPostProcessor : JSR-330 'javax.inject.Inject' annotation found and supported for autowiring
2018-08-03 21:04:10.224  INFO 13992 --- [           main] trationDelegate$BeanPostProcessorChecker : Bean 'org.springframework.ws.config.annotation.DelegatingWsConfiguration' of type [org.springframework.ws.config.annotation.DelegatingWsConfiguration$$EnhancerBySpringCGLIB$$af807735] is not eligible for getting processed by all BeanPostProcessors (for example: not eligible for auto-proxying)
2018-08-03 21:04:10.636  INFO 13992 --- [           main] .w.s.a.s.AnnotationActionEndpointMapping : Supporting [WS-Addressing August 2004, WS-Addressing 1.0]
2018-08-03 21:04:12.070  INFO 13992 --- [           main] j.LocalContainerEntityManagerFactoryBean : Building JPA container EntityManagerFactory for persistence unit 'default'
2018-08-03 21:04:12.113  INFO 13992 --- [           main] o.hibernate.jpa.internal.util.LogHelper  : HHH000204: Processing PersistenceUnitInfo [
	name: default
	...]
2018-08-03 21:04:12.357  INFO 13992 --- [           main] org.hibernate.Version                    : HHH000412: Hibernate Core {5.0.12.Final}
2018-08-03 21:04:12.359  INFO 13992 --- [           main] org.hibernate.cfg.Environment            : HHH000206: hibernate.properties not found
2018-08-03 21:04:12.361  INFO 13992 --- [           main] org.hibernate.cfg.Environment            : HHH000021: Bytecode provider name : javassist
2018-08-03 21:04:12.497  INFO 13992 --- [           main] o.hibernate.annotations.common.Version   : HCANN000001: Hibernate Commons Annotations {5.0.1.Final}
2018-08-03 21:04:12.760  INFO 13992 --- [           main] org.hibernate.dialect.Dialect            : HHH000400: Using dialect: org.hibernate.dialect.MySQL5Dialect
2018-08-03 21:04:13.398  WARN 13992 --- [           main] org.hibernate.id.UUIDHexGenerator        : HHH000409: Using org.hibernate.id.UUIDHexGenerator which does not generate IETF RFC 4122 compliant UUID values; consider using org.hibernate.id.UUIDGenerator instead
2018-08-03 21:04:13.845  INFO 13992 --- [           main] j.LocalContainerEntityManagerFactoryBean : Initialized JPA EntityManagerFactory for persistence unit 'default'
2018-08-03 21:04:15.844  INFO 13992 --- [           main] s.w.s.m.m.a.RequestMappingHandlerAdapter : Looking for @ControllerAdvice: org.springframework.web.context.support.GenericWebApplicationContext@7ce026d3: startup date [Fri Aug 03 21:04:07 CST 2018]; root of context hierarchy
2018-08-03 21:04:15.939  INFO 13992 --- [           main] s.w.s.m.m.a.RequestMappingHandlerMapping : Mapped "{[/encrypt/encode]}" onto public java.lang.String com.creditcloud.jpa.unit_test.controller.EncryptController.encode(java.util.Map<java.lang.String, java.lang.Object>,java.lang.String) throws java.io.UnsupportedEncodingException
2018-08-03 21:04:15.944  INFO 13992 --- [           main] s.w.s.m.m.a.RequestMappingHandlerMapping : Mapped "{[/encrypt/encode1]}" onto public java.lang.String com.creditcloud.jpa.unit_test.controller.EncryptController.encode1()
2018-08-03 21:04:15.946  INFO 13992 --- [           main] s.w.s.m.m.a.RequestMappingHandlerMapping : Mapped "{[/error]}" onto public org.springframework.http.ResponseEntity<java.util.Map<java.lang.String, java.lang.Object>> org.springframework.boot.autoconfigure.web.BasicErrorController.error(javax.servlet.http.HttpServletRequest)
2018-08-03 21:04:15.948  INFO 13992 --- [           main] s.w.s.m.m.a.RequestMappingHandlerMapping : Mapped "{[/error],produces=[text/html]}" onto public org.springframework.web.servlet.ModelAndView org.springframework.boot.autoconfigure.web.BasicErrorController.errorHtml(javax.servlet.http.HttpServletRequest,javax.servlet.http.HttpServletResponse)
2018-08-03 21:04:16.017  INFO 13992 --- [           main] o.s.w.s.handler.SimpleUrlHandlerMapping  : Mapped URL path [/webjars/**] onto handler of type [class org.springframework.web.servlet.resource.ResourceHttpRequestHandler]
2018-08-03 21:04:16.017  INFO 13992 --- [           main] o.s.w.s.handler.SimpleUrlHandlerMapping  : Mapped URL path [/**] onto handler of type [class org.springframework.web.servlet.resource.ResourceHttpRequestHandler]
2018-08-03 21:04:16.076  INFO 13992 --- [           main] o.s.w.s.handler.SimpleUrlHandlerMapping  : Mapped URL path [/**/favicon.ico] onto handler of type [class org.springframework.web.servlet.resource.ResourceHttpRequestHandler]
2018-08-03 21:04:16.525  INFO 13992 --- [           main] o.s.w.s.v.f.FreeMarkerConfigurer         : ClassTemplateLoader for Spring macros added to FreeMarker configuration
2018-08-03 21:04:17.082  INFO 13992 --- [           main] com.creditcloud.jpa.unit_test.LoanTest   : Started LoanTest in 10.708 seconds (JVM running for 12.566)
2018-08-03 21:04:17.270  INFO 13992 --- [           main] o.h.h.i.QueryTranslatorFactoryInitiator  : HHH000397: Using ASTQueryTranslatorFactory
Hibernate: select qqlogin0_.ID as ID1_1_, qqlogin0_.COOKIES as COOKIES2_1_, qqlogin0_.CREATE_DATE as CREATE_D3_1_, qqlogin0_.EXPIRE_TIME as EXPIRE_T4_1_, qqlogin0_.PASSWORD as PASSWORD5_1_, qqlogin0_.UIN as UIN6_1_, qqlogin0_.UPDATE_DATE as UPDATE_D7_1_ from TB_QQ_LOGIN qqlogin0_ where qqlogin0_.UIN=?
Hibernate: select qqlogin0_.ID as ID1_1_0_, qqlogin0_.COOKIES as COOKIES2_1_0_, qqlogin0_.CREATE_DATE as CREATE_D3_1_0_, qqlogin0_.EXPIRE_TIME as EXPIRE_T4_1_0_, qqlogin0_.PASSWORD as PASSWORD5_1_0_, qqlogin0_.UIN as UIN6_1_0_, qqlogin0_.UPDATE_DATE as UPDATE_D7_1_0_ from TB_QQ_LOGIN qqlogin0_ where qqlogin0_.ID=?
Hibernate: update TB_QQ_LOGIN set COOKIES=?, CREATE_DATE=?, EXPIRE_TIME=?, PASSWORD=?, UIN=?, UPDATE_DATE=? where ID=?
PtuiCheckVK(type=0, verifyCode=!XHE, pVerifySession=187e552f40864457a88e56f67f42afc9041851bd67192ed9cb6c7a12d193eb5ab1a31c6ffc8673ccf54476dcffee4c4c2acc17607ae4c245, lookCode=\x00\x00\x00\x00\xd6\xb4\x93\xbe)
]]></system-out>
    <system-err><![CDATA[SLF4J: Class path contains multiple SLF4J bindings.
SLF4J: Found binding in [jar:file:/E:/repository/ch/qos/logback/logback-classic/1.1.11/logback-classic-1.1.11.jar!/org/slf4j/impl/StaticLoggerBinder.class]
SLF4J: Found binding in [jar:file:/E:/repository/org/slf4j/slf4j-log4j12/1.7.25/slf4j-log4j12-1.7.25.jar!/org/slf4j/impl/StaticLoggerBinder.class]
SLF4J: See http://www.slf4j.org/codes.html#multiple_bindings for an explanation.
SLF4J: Actual binding is of type [ch.qos.logback.classic.util.ContextSelectorStaticBinder]
Fri Aug 03 21:04:11 CST 2018 WARN: Establishing SSL connection without server's identity verification is not recommended. According to MySQL 5.5.45+, 5.6.26+ and 5.7.6+ requirements SSL connection must be established by default if explicit option isn't set. For compliance with existing applications not using SSL the verifyServerCertificate property is set to 'false'. You need either to explicitly disable SSL by setting useSSL=false, or set useSSL=true and provide truststore for server certificate verification.
Fri Aug 03 21:04:11 CST 2018 WARN: Establishing SSL connection without server's identity verification is not recommended. According to MySQL 5.5.45+, 5.6.26+ and 5.7.6+ requirements SSL connection must be established by default if explicit option isn't set. For compliance with existing applications not using SSL the verifyServerCertificate property is set to 'false'. You need either to explicitly disable SSL by setting useSSL=false, or set useSSL=true and provide truststore for server certificate verification.
Fri Aug 03 21:04:11 CST 2018 WARN: Establishing SSL connection without server's identity verification is not recommended. According to MySQL 5.5.45+, 5.6.26+ and 5.7.6+ requirements SSL connection must be established by default if explicit option isn't set. For compliance with existing applications not using SSL the verifyServerCertificate property is set to 'false'. You need either to explicitly disable SSL by setting useSSL=false, or set useSSL=true and provide truststore for server certificate verification.
Fri Aug 03 21:04:11 CST 2018 WARN: Establishing SSL connection without server's identity verification is not recommended. According to MySQL 5.5.45+, 5.6.26+ and 5.7.6+ requirements SSL connection must be established by default if explicit option isn't set. For compliance with existing applications not using SSL the verifyServerCertificate property is set to 'false'. You need either to explicitly disable SSL by setting useSSL=false, or set useSSL=true and provide truststore for server certificate verification.
Fri Aug 03 21:04:11 CST 2018 WARN: Establishing SSL connection without server's identity verification is not recommended. According to MySQL 5.5.45+, 5.6.26+ and 5.7.6+ requirements SSL connection must be established by default if explicit option isn't set. For compliance with existing applications not using SSL the verifyServerCertificate property is set to 'false'. You need either to explicitly disable SSL by setting useSSL=false, or set useSSL=true and provide truststore for server certificate verification.
Fri Aug 03 21:04:11 CST 2018 WARN: Establishing SSL connection without server's identity verification is not recommended. According to MySQL 5.5.45+, 5.6.26+ and 5.7.6+ requirements SSL connection must be established by default if explicit option isn't set. For compliance with existing applications not using SSL the verifyServerCertificate property is set to 'false'. You need either to explicitly disable SSL by setting useSSL=false, or set useSSL=true and provide truststore for server certificate verification.
Fri Aug 03 21:04:11 CST 2018 WARN: Establishing SSL connection without server's identity verification is not recommended. According to MySQL 5.5.45+, 5.6.26+ and 5.7.6+ requirements SSL connection must be established by default if explicit option isn't set. For compliance with existing applications not using SSL the verifyServerCertificate property is set to 'false'. You need either to explicitly disable SSL by setting useSSL=false, or set useSSL=true and provide truststore for server certificate verification.
Fri Aug 03 21:04:11 CST 2018 WARN: Establishing SSL connection without server's identity verification is not recommended. According to MySQL 5.5.45+, 5.6.26+ and 5.7.6+ requirements SSL connection must be established by default if explicit option isn't set. For compliance with existing applications not using SSL the verifyServerCertificate property is set to 'false'. You need either to explicitly disable SSL by setting useSSL=false, or set useSSL=true and provide truststore for server certificate verification.
Fri Aug 03 21:04:11 CST 2018 WARN: Establishing SSL connection without server's identity verification is not recommended. According to MySQL 5.5.45+, 5.6.26+ and 5.7.6+ requirements SSL connection must be established by default if explicit option isn't set. For compliance with existing applications not using SSL the verifyServerCertificate property is set to 'false'. You need either to explicitly disable SSL by setting useSSL=false, or set useSSL=true and provide truststore for server certificate verification.
Fri Aug 03 21:04:11 CST 2018 WARN: Establishing SSL connection without server's identity verification is not recommended. According to MySQL 5.5.45+, 5.6.26+ and 5.7.6+ requirements SSL connection must be established by default if explicit option isn't set. For compliance with existing applications not using SSL the verifyServerCertificate property is set to 'false'. You need either to explicitly disable SSL by setting useSSL=false, or set useSSL=true and provide truststore for server certificate verification.
]]></system-err>
  </testcase>
  <testcase name="testQQLogin" classname="com.creditcloud.jpa.unit_test.LoanTest" time="0.004"/>
  <testcase name="contextLoads" classname="com.creditcloud.jpa.unit_test.LoanTest" time="0.003"/>
</testsuite>